
------------------------------------------------------------
Sender: LSF System <lsfadmin@hpc.dtu.dk>
Subject: Job 28327208: <my_job> in cluster <dcc> Exited

Job <my_job> was submitted from host <n-62-20-9> by user <s235004> in cluster <dcc> at Wed Apr 29 17:46:54 2026
Job was executed on host(s) <4*n-62-20-10>, in queue <gpuv100>, as user <s235004> in cluster <dcc> at Wed Apr 29 17:57:41 2026
</zhome/46/e/205491> was used as the home directory.
</work3/s235004/Fagprojekt-2026> was used as the working directory.
Started at Wed Apr 29 17:57:41 2026
Terminated at Wed Apr 29 17:58:24 2026
Results reported at Wed Apr 29 17:58:24 2026

Your job looked like:

------------------------------------------------------------
# LSBATCH: User input
#!/bin/bash
#BSUB -J my_job
#BSUB -q gpuv100
#BSUB -n 4
#BSUB -R "rusage[mem=8GB]"
#BSUB -gpu "num=1"
#BSUB -W 02:00
#BSUB -o logs/%J.out
#BSUB -e logs/%J.err

source /work3/s235004/Fagprojekt-2026/.venv/bin/activate
cd /work3/s235004/Fagprojekt-2026

python src/fagprojekt/head_level_eval.py
------------------------------------------------------------

TERM_OWNER: job killed by owner.
Exited with exit code 130.

Resource usage summary:

    CPU time :                                   22.00 sec.
    Max Memory :                                 498 MB
    Average Memory :                             438.33 MB
    Total Requested Memory :                     32768.00 MB
    Delta Memory :                               32270.00 MB
    Max Swap :                                   -
    Max Processes :                              4
    Max Threads :                                14
    Run time :                                   43 sec.
    Turnaround time :                            690 sec.

The output (if any) is above this job summary.



PS:

Read file <logs/28327208.err> for stderr output of this job.

