CUDA_VISIBLE_DEVICES: 0
Available GPUs: 1
Current device: 0
Loading model and tokenizer once at the start...
Starting fold 1
Training and evaluating model with k=10
step=0 loss=9.739862e+03
step=5 loss=3.582466e+03
step=10 loss=2.323939e+03
step=15 loss=1.407184e+03
step=20 loss=7.994645e+02
step=25 loss=7.882504e+02
step=30 loss=1.064690e+03
step=35 loss=9.679174e+02
step=40 loss=5.861365e+02
step=45 loss=5.738691e+02
step=50 loss=4.048683e+02
step=55 loss=8.089336e+01
step=60 loss=3.021409e+02
step=65 loss=5.989887e+02
step=70 loss=1.468089e+02
step=75 loss=3.408302e+02
step=80 loss=1.294067e+02
step=85 loss=3.570366e+02
step=90 loss=1.269616e+02
step=95 loss=1.291449e+02
Training and evaluating model with k=15
step=0 loss=1.118127e+03
step=5 loss=3.074121e+02
step=10 loss=3.209297e+02
step=15 loss=2.122581e+02
step=20 loss=1.856046e+02
step=25 loss=9.502644e+01
step=30 loss=1.056766e+02
step=35 loss=1.285991e+02
step=40 loss=4.456771e+01
step=45 loss=7.056126e+01
step=50 loss=6.893107e+01
step=55 loss=9.216218e+00
step=60 loss=3.494818e+01
step=65 loss=7.809093e+01
step=70 loss=1.248678e+01
step=75 loss=3.626950e+01
step=80 loss=2.320638e+01
step=85 loss=1.860939e+01
step=90 loss=1.910796e+01
step=95 loss=1.170670e+01
Training and evaluating model with k=20
step=0 loss=7.261375e+02
step=5 loss=4.792271e+02
step=10 loss=1.952702e+02
step=15 loss=1.778064e+02
step=20 loss=8.002313e+01
step=25 loss=8.580205e+01
step=30 loss=1.178484e+02
step=35 loss=7.627584e+01
step=40 loss=4.285690e+01
step=45 loss=6.893967e+01
step=50 loss=5.098081e+01
step=55 loss=5.288628e+00
step=60 loss=1.833241e+01
step=65 loss=2.022795e+01
step=70 loss=1.001787e+01
step=75 loss=2.145131e+01
step=80 loss=1.887073e+01
step=85 loss=9.444047e+00
step=90 loss=1.620298e+01
step=95 loss=1.092184e+01
Training and evaluating model with k=25
step=0 loss=1.325320e+03
step=5 loss=2.953856e+02
step=10 loss=3.176052e+02
step=15 loss=3.088271e+02
step=20 loss=1.633541e+02
step=25 loss=1.873682e+02
step=30 loss=1.391421e+02
step=35 loss=9.589684e+01
step=40 loss=1.225088e+02
step=45 loss=6.634928e+01
step=50 loss=8.350209e+01
step=55 loss=8.885929e+00
step=60 loss=5.588810e+01
step=65 loss=3.467637e+01
step=70 loss=1.421146e+01
step=75 loss=4.674346e+01
step=80 loss=3.169397e+01
step=85 loss=2.471873e+01
step=90 loss=1.659204e+01
step=95 loss=2.101333e+01
Training and evaluating model with k=30
step=0 loss=2.459143e+02
step=5 loss=1.595838e+02
step=10 loss=1.425203e+02
step=15 loss=1.316280e+02
step=20 loss=9.929794e+01
step=25 loss=5.990577e+01
step=30 loss=4.496468e+01
step=35 loss=6.677028e+01
step=40 loss=4.516633e+01
step=45 loss=4.133379e+01
step=50 loss=7.147658e+01
step=55 loss=7.649632e+00
step=60 loss=3.023852e+01
step=65 loss=4.263614e+01
step=70 loss=1.314182e+01
step=75 loss=3.255999e+01
step=80 loss=2.800109e+01
step=85 loss=1.407760e+01
step=90 loss=2.074433e+01
step=95 loss=2.132129e+01
Training and evaluating model with k=35
step=0 loss=1.810734e+03
step=5 loss=3.687392e+02
step=10 loss=1.080651e+02
step=15 loss=1.415797e+02
step=20 loss=1.240475e+02
step=25 loss=8.099938e+01
step=30 loss=6.275586e+01
step=35 loss=5.456369e+01
step=40 loss=5.238667e+01
step=45 loss=3.176189e+01
step=50 loss=3.293520e+01
step=55 loss=4.672000e+00
step=60 loss=2.110849e+01
step=65 loss=1.193157e+01
step=70 loss=6.246820e+00
step=75 loss=1.527065e+01
step=80 loss=1.521996e+01
step=85 loss=8.764082e+00
step=90 loss=1.282773e+01
step=95 loss=1.073031e+01
Training and evaluating model with k=40
step=0 loss=3.450630e+02
step=5 loss=1.474094e+02
step=10 loss=1.427812e+02
step=15 loss=9.092924e+01
step=20 loss=1.243766e+02
step=25 loss=6.035066e+01
step=30 loss=6.703021e+01
step=35 loss=3.683905e+01
step=40 loss=3.021106e+01
step=45 loss=3.803889e+01
step=50 loss=3.526094e+01
step=55 loss=7.081372e+00
step=60 loss=1.412760e+01
step=65 loss=1.380870e+01
step=70 loss=7.139658e+00
step=75 loss=5.507135e+01
step=80 loss=1.040896e+01
step=85 loss=3.833668e+01
step=90 loss=1.873222e+01
step=95 loss=1.253926e+01
Training and evaluating model with k=45
step=0 loss=2.220395e+03
step=5 loss=9.917662e+02
step=10 loss=6.448002e+02
step=15 loss=4.282756e+02
step=20 loss=2.180438e+02
step=25 loss=1.931333e+02
step=30 loss=1.174077e+02
step=35 loss=9.192091e+01
step=40 loss=6.133379e+01
step=45 loss=4.388423e+01
step=50 loss=2.915759e+01
step=55 loss=6.385789e+00
step=60 loss=3.478937e+01
step=65 loss=1.852693e+01
step=70 loss=4.629812e+00
step=75 loss=9.484550e+00
step=80 loss=1.125379e+01
step=85 loss=7.622626e+00
step=90 loss=7.258664e+00
step=95 loss=5.799990e+00
Training and evaluating model with k=50
step=0 loss=7.845412e+02
step=5 loss=7.131930e+01
step=10 loss=4.350328e+01
step=15 loss=4.876897e+01
step=20 loss=2.947496e+01
step=25 loss=3.658138e+01
step=30 loss=2.865438e+01
step=35 loss=1.106082e+01
step=40 loss=1.214396e+01
step=45 loss=6.871887e+00
step=50 loss=1.287500e+01
step=55 loss=2.613873e+00
step=60 loss=4.032165e+00
step=65 loss=5.237894e+00
step=70 loss=1.273599e+00
step=75 loss=3.404808e+00
step=80 loss=3.126419e+00
step=85 loss=2.367382e+00
step=90 loss=1.830363e+00
step=95 loss=2.227231e+00
Training and evaluating model with k=55
step=0 loss=1.693295e+03
step=5 loss=5.191552e+02
step=10 loss=1.749508e+02
step=15 loss=6.075781e+01
step=20 loss=7.210059e+01
step=25 loss=3.539027e+01
step=30 loss=3.878020e+01
step=35 loss=1.644601e+01
step=40 loss=1.480666e+01
step=45 loss=1.430514e+01
step=50 loss=1.249468e+01
step=55 loss=1.724398e+00
step=60 loss=8.648484e+00
step=65 loss=6.741403e+00
step=70 loss=2.266061e+00
step=75 loss=5.700318e+00
step=80 loss=4.062279e+00
step=85 loss=3.990741e+00
step=90 loss=6.061134e+00
step=95 loss=4.268462e+00
Training and evaluating model with k=60
step=0 loss=2.961797e+02
step=5 loss=2.246172e+02
step=10 loss=1.245709e+02
step=15 loss=7.887729e+01
step=20 loss=8.170832e+01
step=25 loss=4.022678e+01
step=30 loss=5.271157e+01
step=35 loss=2.516234e+01
step=40 loss=1.669475e+01
step=45 loss=1.915521e+01
step=50 loss=1.109267e+01
step=55 loss=2.032900e+00
step=60 loss=7.080141e+00
step=65 loss=1.006249e+01
step=70 loss=3.492327e+00
step=75 loss=5.100195e+00
step=80 loss=3.468019e+00
step=85 loss=7.663593e+00
step=90 loss=3.483995e+00
step=95 loss=7.038885e+00
Training and evaluating model with k=65
step=0 loss=1.441717e+02
step=5 loss=7.776075e+01
step=10 loss=3.653092e+01
step=15 loss=1.977175e+01
step=20 loss=4.757160e+01
step=25 loss=1.354642e+01
step=30 loss=2.560820e+01
step=35 loss=1.451037e+01
step=40 loss=1.058465e+01
step=45 loss=1.112861e+01
step=50 loss=3.863640e+00
step=55 loss=1.382089e+00
step=60 loss=4.604339e+00
step=65 loss=6.490700e+00
step=70 loss=1.435541e+00
step=75 loss=3.006342e+00
step=80 loss=1.968140e+00
step=85 loss=1.556885e+00
step=90 loss=1.191369e+00
step=95 loss=1.326895e+00
Training and evaluating model with k=70
step=0 loss=1.169212e+02
step=5 loss=5.394892e+01
step=10 loss=2.759695e+01
step=15 loss=3.432070e+01
step=20 loss=2.809857e+01
step=25 loss=2.284360e+01
step=30 loss=1.663784e+01
step=35 loss=1.396778e+01
step=40 loss=1.003621e+01
step=45 loss=6.173597e+00
step=50 loss=1.495310e+01
step=55 loss=2.098417e+00
step=60 loss=5.260769e+00
step=65 loss=3.751995e+00
step=70 loss=2.180693e+00
step=75 loss=3.110133e+00
step=80 loss=4.055499e+00
step=85 loss=2.223160e+00
step=90 loss=1.380929e+00
step=95 loss=3.240241e+00
Training and evaluating model with k=75
step=0 loss=9.276409e+02
step=5 loss=2.066946e+02
step=10 loss=1.081307e+02
step=15 loss=7.910741e+01
step=20 loss=7.084933e+01
step=25 loss=2.110881e+01
step=30 loss=2.362808e+01
step=35 loss=1.608639e+01
step=40 loss=1.031123e+01
step=45 loss=1.018658e+01
step=50 loss=8.840602e+00
step=55 loss=1.499200e+00
step=60 loss=5.448081e+00
step=65 loss=8.098353e+00
step=70 loss=2.099775e+00
step=75 loss=3.288862e+00
step=80 loss=4.415178e+00
step=85 loss=3.151178e+00
step=90 loss=3.936220e+00
step=95 loss=5.969750e+00
Training and evaluating model with k=80
step=0 loss=5.473967e+02
step=5 loss=1.499560e+02
step=10 loss=9.705516e+01
step=15 loss=8.044178e+01
step=20 loss=3.355120e+01
step=25 loss=5.710373e+01
step=30 loss=2.606463e+01
step=35 loss=1.390374e+01
step=40 loss=1.389839e+01
step=45 loss=8.805704e+00
step=50 loss=6.169921e+00
step=55 loss=1.111099e+00
step=60 loss=4.679379e+00
step=65 loss=3.592535e+00
step=70 loss=1.215432e+00
step=75 loss=2.878335e+00
step=80 loss=2.303841e+00
step=85 loss=2.271901e+00
step=90 loss=2.720925e+00
step=95 loss=2.552646e+00
Training and evaluating model with k=85
step=0 loss=1.029518e+03
step=5 loss=2.798493e+02
step=10 loss=1.239702e+02
step=15 loss=5.221489e+01
step=20 loss=3.385228e+01
step=25 loss=3.385571e+01
step=30 loss=2.565436e+01
step=35 loss=1.504354e+01
step=40 loss=1.602619e+01
step=45 loss=1.464998e+01
step=50 loss=1.006798e+01
step=55 loss=1.162137e+00
step=60 loss=5.113583e+00
step=65 loss=4.274656e+00
step=70 loss=1.502250e+00
step=75 loss=3.285200e+00
step=80 loss=5.109074e+00
step=85 loss=3.146879e+00
step=90 loss=3.336547e+00
step=95 loss=2.657402e+00
Training and evaluating model with k=90
step=0 loss=6.598168e+01
step=5 loss=3.130238e+01
step=10 loss=2.207500e+01
step=15 loss=1.229183e+01
step=20 loss=2.082055e+01
step=25 loss=7.417370e+00
step=30 loss=9.347628e+00
step=35 loss=8.386344e+00
step=40 loss=3.493574e+00
step=45 loss=6.860594e+00
step=50 loss=2.590236e+00
step=55 loss=5.703743e-01
step=60 loss=2.960948e+00
step=65 loss=6.208294e+00
step=70 loss=3.980905e-01
step=75 loss=1.282907e+00
step=80 loss=1.032461e+00
step=85 loss=8.970317e-01
step=90 loss=8.737034e-01
step=95 loss=5.767908e-01
Training and evaluating model with k=95
step=0 loss=4.712962e+02
step=5 loss=5.863450e+01
step=10 loss=4.819016e+01
step=15 loss=3.912298e+01
step=20 loss=2.638647e+01
step=25 loss=1.067233e+01
step=30 loss=9.378467e+00
step=35 loss=8.196548e+00
step=40 loss=4.606534e+00
step=45 loss=5.401551e+00
step=50 loss=3.977509e+00
step=55 loss=9.444000e-01
step=60 loss=1.868239e+00
step=65 loss=2.498807e+00
step=70 loss=5.671419e-01
step=75 loss=1.457055e+00
step=80 loss=1.632423e+00
step=85 loss=1.241912e+00
step=90 loss=1.183070e+00
step=95 loss=1.299883e+00
Training and evaluating model with k=100
step=0 loss=4.006407e+02
step=5 loss=5.744535e+01
step=10 loss=4.861152e+01
step=15 loss=4.447204e+01
step=20 loss=1.715822e+01
step=25 loss=1.890666e+01
step=30 loss=1.449737e+01
step=35 loss=6.911159e+00
step=40 loss=4.485899e+00
step=45 loss=5.147970e+00
step=50 loss=7.124820e+00
step=55 loss=5.956525e-01
step=60 loss=2.362626e+00
step=65 loss=2.280508e+00
step=70 loss=6.581398e-01
step=75 loss=1.267886e+00
step=80 loss=1.341577e+00
step=85 loss=1.017179e+00
step=90 loss=9.246204e-01
step=95 loss=1.066622e+00
Starting fold 2
Training and evaluating model with k=10
step=0 loss=4.410681e+03
step=5 loss=1.814440e+03
step=10 loss=7.437791e+02
step=15 loss=3.999973e+02
step=20 loss=4.181365e+02
step=25 loss=2.714666e+02
step=30 loss=2.336516e+02
step=35 loss=2.022907e+02
step=40 loss=3.038056e+02
step=45 loss=3.540051e+02
step=50 loss=2.968650e+02
step=55 loss=4.398714e+01
step=60 loss=1.850888e+02
step=65 loss=1.727322e+02
step=70 loss=6.080832e+01
step=75 loss=1.718517e+02
step=80 loss=1.158132e+02
step=85 loss=1.172633e+02
step=90 loss=1.576277e+02
step=95 loss=1.540206e+02
Training and evaluating model with k=15
step=0 loss=6.214393e+03
step=5 loss=2.275513e+03
step=10 loss=5.021124e+02
step=15 loss=4.037370e+02
step=20 loss=3.086744e+02
step=25 loss=3.452039e+02
step=30 loss=2.453690e+02
step=35 loss=2.210853e+02
step=40 loss=1.980256e+02
step=45 loss=2.563513e+02
step=50 loss=1.533438e+02
step=55 loss=3.428620e+01
step=60 loss=1.390892e+02
step=65 loss=1.165983e+02
step=70 loss=3.309811e+01
step=75 loss=9.082513e+01
step=80 loss=7.081838e+01
step=85 loss=5.373711e+01
step=90 loss=4.985550e+01
step=95 loss=4.040322e+01
Training and evaluating model with k=20
step=0 loss=3.478770e+02
step=5 loss=1.974326e+02
step=10 loss=2.458969e+02
step=15 loss=2.106834e+02
step=20 loss=1.743022e+02
step=25 loss=9.655350e+01
step=30 loss=9.051920e+01
step=35 loss=8.873963e+01
step=40 loss=9.798559e+01
step=45 loss=7.763049e+01
step=50 loss=8.569656e+01
step=55 loss=1.546032e+01
step=60 loss=3.673145e+01
step=65 loss=7.042197e+01
step=70 loss=1.181688e+01
step=75 loss=3.050019e+01
step=80 loss=3.897229e+01
step=85 loss=2.843969e+01
step=90 loss=2.548920e+01
step=95 loss=1.302703e+01
Training and evaluating model with k=25
step=0 loss=6.889428e+02
step=5 loss=2.365566e+02
step=10 loss=2.258419e+02
step=15 loss=1.148099e+02
step=20 loss=1.622232e+02
step=25 loss=6.629259e+01
step=30 loss=1.275886e+02
step=35 loss=9.744065e+01
step=40 loss=6.132796e+01
step=45 loss=5.371121e+01
step=50 loss=4.657912e+01
step=55 loss=7.238741e+00
step=60 loss=4.953242e+01
step=65 loss=2.575922e+01
step=70 loss=1.044036e+01
step=75 loss=1.643097e+01
step=80 loss=2.707932e+01
step=85 loss=1.998021e+01
step=90 loss=1.459370e+01
step=95 loss=1.072043e+01
Training and evaluating model with k=30
step=0 loss=1.380786e+03
step=5 loss=2.227388e+02
step=10 loss=2.828788e+02
step=15 loss=2.003987e+02
step=20 loss=1.285746e+02
step=25 loss=1.130102e+02
step=30 loss=1.681558e+02
step=35 loss=9.383348e+01
step=40 loss=5.887221e+01
step=45 loss=4.194746e+01
step=50 loss=3.493399e+01
step=55 loss=6.776933e+00
step=60 loss=2.908917e+01
step=65 loss=3.083545e+01
step=70 loss=7.843081e+00
step=75 loss=1.416427e+01
step=80 loss=2.068411e+01
step=85 loss=1.269092e+01
step=90 loss=3.033698e+01
step=95 loss=1.158111e+01
Training and evaluating model with k=35
step=0 loss=9.844852e+01
step=5 loss=1.271167e+02
step=10 loss=7.700145e+01
step=15 loss=6.492560e+01
step=20 loss=4.989828e+01
step=25 loss=3.773280e+01
step=30 loss=3.940631e+01
step=35 loss=2.044994e+01
step=40 loss=1.944171e+01
step=45 loss=1.671224e+01
step=50 loss=2.503970e+01
step=55 loss=1.974418e+00
step=60 loss=1.128616e+01
step=65 loss=9.488367e+00
step=70 loss=2.676745e+00
step=75 loss=7.116636e+00
step=80 loss=7.549012e+00
step=85 loss=5.020821e+00
step=90 loss=4.565154e+00
step=95 loss=2.719392e+00
Training and evaluating model with k=40
step=0 loss=1.763195e+03
step=5 loss=5.567145e+02
step=10 loss=1.463623e+02
step=15 loss=3.344903e+01
step=20 loss=4.033918e+01
step=25 loss=6.270208e+01
step=30 loss=4.219641e+01
step=35 loss=3.051839e+01
step=40 loss=2.711918e+01
step=45 loss=2.428135e+01
step=50 loss=2.393342e+01
step=55 loss=2.529173e+00
step=60 loss=1.254213e+01
step=65 loss=7.742892e+00
step=70 loss=4.409116e+00
step=75 loss=9.003489e+00
step=80 loss=4.496930e+00
step=85 loss=4.450197e+00
step=90 loss=3.515021e+00
step=95 loss=3.766391e+00
Training and evaluating model with k=45
step=0 loss=2.253821e+03
step=5 loss=8.038394e+02
step=10 loss=1.725515e+02
step=15 loss=9.858692e+01
step=20 loss=5.062382e+01
step=25 loss=5.260904e+01
step=30 loss=3.930555e+01
step=35 loss=3.736586e+01
step=40 loss=4.740029e+01
step=45 loss=2.258348e+01
step=50 loss=2.127092e+01
step=55 loss=4.084211e+00
step=60 loss=1.610628e+01
step=65 loss=1.383440e+01
step=70 loss=8.399937e+00
step=75 loss=1.397097e+01
step=80 loss=1.034669e+01
step=85 loss=8.834877e+00
step=90 loss=7.505947e+00
step=95 loss=6.893275e+00
Training and evaluating model with k=50
step=0 loss=4.189691e+02
step=5 loss=1.296922e+02
step=10 loss=1.794574e+02
step=15 loss=4.846471e+01
step=20 loss=7.204096e+01
step=25 loss=3.766293e+01
step=30 loss=3.556009e+01
step=35 loss=4.085740e+01
step=40 loss=1.705333e+01
step=45 loss=2.720879e+01
step=50 loss=2.653909e+01
step=55 loss=3.249797e+00
step=60 loss=9.310290e+00
step=65 loss=5.960855e+00
step=70 loss=2.439008e+00
step=75 loss=5.369176e+00
step=80 loss=4.781909e+00
step=85 loss=3.066681e+00
step=90 loss=3.778612e+00
step=95 loss=2.877513e+00
Training and evaluating model with k=55
step=0 loss=9.982936e+02
step=5 loss=2.017545e+02
step=10 loss=1.103226e+02
step=15 loss=6.694361e+01
step=20 loss=6.525435e+01
step=25 loss=3.355533e+01
step=30 loss=3.566276e+01
step=35 loss=2.856846e+01
step=40 loss=3.577842e+01
step=45 loss=3.363276e+01
step=50 loss=9.898835e+00
step=55 loss=2.281083e+00
step=60 loss=1.011937e+01
step=65 loss=7.269453e+00
step=70 loss=2.578614e+00
step=75 loss=4.674070e+00
step=80 loss=6.150510e+00
step=85 loss=4.445433e+00
step=90 loss=3.039844e+00
step=95 loss=2.317123e+00
Training and evaluating model with k=60
step=0 loss=1.112874e+03
step=5 loss=3.562306e+02
step=10 loss=9.212484e+01
step=15 loss=5.889967e+01
step=20 loss=5.791123e+01
step=25 loss=3.571579e+01
step=30 loss=2.136806e+01
step=35 loss=1.212897e+01
step=40 loss=1.727520e+01
step=45 loss=1.099060e+01
step=50 loss=1.372792e+01
step=55 loss=1.723966e+00
step=60 loss=5.947964e+00
step=65 loss=1.062998e+01
step=70 loss=1.708675e+00
step=75 loss=5.279334e+00
step=80 loss=4.479578e+00
step=85 loss=3.607397e+00
step=90 loss=2.630916e+00
step=95 loss=2.751963e+00
Training and evaluating model with k=65
step=0 loss=1.751760e+02
step=5 loss=6.291998e+01
step=10 loss=4.650771e+01
step=15 loss=2.256202e+01
step=20 loss=2.487393e+01
step=25 loss=2.486639e+01
step=30 loss=1.838793e+01
step=35 loss=1.290364e+01
step=40 loss=9.192863e+00
step=45 loss=8.075943e+00
step=50 loss=6.049099e+00
step=55 loss=9.179848e-01
step=60 loss=3.546953e+00
step=65 loss=2.883504e+00
step=70 loss=1.106839e+00
step=75 loss=3.194349e+00
step=80 loss=1.763839e+00
step=85 loss=1.968122e+00
step=90 loss=1.650078e+00
step=95 loss=1.722741e+00
Training and evaluating model with k=70
step=0 loss=7.892745e+02
step=5 loss=1.200920e+02
step=10 loss=6.468715e+01
step=15 loss=4.232184e+01
step=20 loss=2.594842e+01
step=25 loss=2.660680e+01
step=30 loss=2.193087e+01
step=35 loss=1.734171e+01
step=40 loss=1.556786e+01
step=45 loss=9.714004e+00
step=50 loss=8.371957e+00
step=55 loss=1.621135e+00
step=60 loss=5.480771e+00
step=65 loss=3.896680e+00
step=70 loss=1.890753e+00
step=75 loss=3.309372e+00
step=80 loss=4.603814e+00
step=85 loss=2.524427e+00
step=90 loss=3.158240e+00
step=95 loss=2.750339e+00
Training and evaluating model with k=75
step=0 loss=8.712129e+01
step=5 loss=5.640176e+01
step=10 loss=3.524202e+01
step=15 loss=3.453596e+01
step=20 loss=1.902319e+01
step=25 loss=1.637172e+01
step=30 loss=1.433312e+01
step=35 loss=9.237392e+00
step=40 loss=6.759686e+00
step=45 loss=6.705413e+00
step=50 loss=1.055309e+01
step=55 loss=9.887137e-01
step=60 loss=2.681620e+00
step=65 loss=3.536700e+00
step=70 loss=1.190778e+00
step=75 loss=2.562729e+00
step=80 loss=1.362926e+00
step=85 loss=1.271294e+00
step=90 loss=1.098827e+00
step=95 loss=1.082740e+00
Training and evaluating model with k=80
step=0 loss=1.036302e+03
step=5 loss=2.809767e+02
step=10 loss=5.301018e+01
step=15 loss=2.485558e+01
step=20 loss=3.020904e+01
step=25 loss=2.395043e+01
step=30 loss=1.726697e+01
step=35 loss=1.009963e+01
step=40 loss=8.393754e+00
step=45 loss=8.802250e+00
step=50 loss=6.387102e+00
step=55 loss=8.657109e-01
step=60 loss=3.635654e+00
step=65 loss=3.973142e+00
step=70 loss=1.082265e+00
step=75 loss=2.859384e+00
step=80 loss=3.666366e+00
step=85 loss=3.003045e+00
step=90 loss=2.213164e+00
step=95 loss=2.855539e+00
Training and evaluating model with k=85
step=0 loss=8.029155e+02
step=5 loss=2.092325e+02
step=10 loss=5.513621e+01
step=15 loss=4.474334e+01
step=20 loss=3.958123e+01
step=25 loss=2.450772e+01
step=30 loss=2.993734e+01
step=35 loss=2.127630e+01
step=40 loss=1.537060e+01
step=45 loss=1.152199e+01
step=50 loss=1.120116e+01
step=55 loss=1.143344e+00
step=60 loss=3.739025e+00
step=65 loss=4.989198e+00
step=70 loss=1.317780e+00
step=75 loss=3.410408e+00
step=80 loss=2.128176e+00
step=85 loss=2.064210e+00
step=90 loss=2.036664e+00
step=95 loss=1.670108e+00
Training and evaluating model with k=90
step=0 loss=3.195915e+02
step=5 loss=4.670361e+01
step=10 loss=6.202641e+01
step=15 loss=2.472030e+01
step=20 loss=1.660944e+01
step=25 loss=1.608242e+01
step=30 loss=1.979863e+01
step=35 loss=7.466778e+00
step=40 loss=1.082153e+01
step=45 loss=5.035055e+00
step=50 loss=4.851172e+00
step=55 loss=3.755442e-01
step=60 loss=3.052050e+00
step=65 loss=6.374647e+00
step=70 loss=5.598943e-01
step=75 loss=1.837125e+00
step=80 loss=1.172428e+00
step=85 loss=9.462166e-01
step=90 loss=1.424017e+00
step=95 loss=9.214593e-01
Training and evaluating model with k=95
step=0 loss=6.477969e+02
step=5 loss=1.720346e+02
step=10 loss=4.734009e+01
step=15 loss=2.661843e+01
step=20 loss=2.612379e+01
step=25 loss=2.185966e+01
step=30 loss=1.292632e+01
step=35 loss=1.381960e+01
step=40 loss=8.912369e+00
step=45 loss=7.473058e+00
step=50 loss=7.873964e+00
step=55 loss=6.478319e-01
step=60 loss=1.927400e+00
step=65 loss=2.336833e+00
step=70 loss=6.298065e-01
step=75 loss=1.719817e+00
step=80 loss=1.898301e+00
step=85 loss=1.275393e+00
step=90 loss=1.340025e+00
step=95 loss=1.456386e+00
Training and evaluating model with k=100
step=0 loss=9.758784e+02
step=5 loss=2.343682e+02
step=10 loss=1.275076e+02
step=15 loss=7.181493e+01
step=20 loss=5.259216e+01
step=25 loss=3.243420e+01
step=30 loss=3.306367e+01
step=35 loss=1.403081e+01
step=40 loss=1.453572e+01
step=45 loss=1.329685e+01
step=50 loss=7.337381e+00
step=55 loss=1.911967e+00
step=60 loss=7.336354e+00
step=65 loss=7.217519e+00
step=70 loss=1.507071e+00
step=75 loss=4.182745e+00
step=80 loss=3.101197e+00
step=85 loss=2.754494e+00
step=90 loss=2.789456e+00
step=95 loss=2.811436e+00
Starting fold 3
Training and evaluating model with k=10
step=0 loss=4.939219e+03
step=5 loss=1.273578e+03
step=10 loss=6.102117e+02
step=15 loss=6.955089e+02
step=20 loss=5.965787e+02
step=25 loss=4.974360e+02
step=30 loss=4.105415e+02
step=35 loss=3.968696e+02
step=40 loss=4.864782e+02
step=45 loss=2.895873e+02
step=50 loss=2.752654e+02
step=55 loss=5.495855e+01
step=60 loss=1.940125e+02
step=65 loss=2.115944e+02
step=70 loss=5.445972e+01
step=75 loss=1.702773e+02
step=80 loss=1.124785e+02
step=85 loss=1.287427e+02
step=90 loss=1.240997e+02
step=95 loss=1.374136e+02
Training and evaluating model with k=15
step=0 loss=1.795215e+03
step=5 loss=5.174047e+02
step=10 loss=4.304142e+02
step=15 loss=1.912072e+02
step=20 loss=1.469603e+02
step=25 loss=1.890687e+02
step=30 loss=1.095126e+02
step=35 loss=1.304962e+02
step=40 loss=1.608834e+02
step=45 loss=1.316262e+02
step=50 loss=7.725939e+01
step=55 loss=2.278786e+01
step=60 loss=4.121597e+01
step=65 loss=6.874513e+01
step=70 loss=1.935058e+01
step=75 loss=4.296801e+01
step=80 loss=4.701902e+01
step=85 loss=4.682498e+01
step=90 loss=4.337121e+01
step=95 loss=2.777076e+01
Training and evaluating model with k=20
step=0 loss=4.523096e+03
step=5 loss=1.882421e+03
step=10 loss=7.240316e+02
step=15 loss=4.115806e+02
step=20 loss=1.839535e+02
step=25 loss=1.321493e+02
step=30 loss=2.282605e+02
step=35 loss=1.320486e+02
step=40 loss=1.056627e+02
step=45 loss=7.132249e+01
step=50 loss=1.132462e+02
step=55 loss=1.563801e+01
step=60 loss=5.490818e+01
step=65 loss=7.502047e+01
step=70 loss=2.532448e+01
step=75 loss=3.678315e+01
step=80 loss=3.025065e+01
step=85 loss=3.785941e+01
step=90 loss=2.888813e+01
step=95 loss=3.064051e+01
Training and evaluating model with k=25
step=0 loss=7.850314e+02
step=5 loss=3.436312e+02
step=10 loss=1.910717e+02
step=15 loss=1.400478e+02
step=20 loss=9.001524e+01
step=25 loss=1.012536e+02
step=30 loss=4.279335e+01
step=35 loss=4.382541e+01
step=40 loss=4.218068e+01
step=45 loss=2.348486e+01
step=50 loss=2.618887e+01
step=55 loss=5.552850e+00
step=60 loss=1.010572e+01
step=65 loss=1.050585e+01
step=70 loss=1.083060e+01
step=75 loss=1.049134e+01
step=80 loss=9.054914e+00
step=85 loss=6.865813e+00
step=90 loss=1.311217e+01
step=95 loss=5.244831e+00
Training and evaluating model with k=30
step=0 loss=1.024120e+03
step=5 loss=2.486610e+02
step=10 loss=1.184692e+02
step=15 loss=1.157127e+02
step=20 loss=1.642769e+02
step=25 loss=7.640688e+01
step=30 loss=1.125030e+02
step=35 loss=9.199627e+01
step=40 loss=5.806124e+01
step=45 loss=4.711331e+01
step=50 loss=5.012964e+01
step=55 loss=8.534000e+00
step=60 loss=2.228925e+01
step=65 loss=2.340673e+01
step=70 loss=8.995375e+00
step=75 loss=2.004289e+01
step=80 loss=1.602845e+01
step=85 loss=2.216264e+01
step=90 loss=1.270005e+01
step=95 loss=1.843777e+01
Training and evaluating model with k=35
step=0 loss=5.166565e+02
step=5 loss=3.358476e+02
step=10 loss=2.094903e+02
step=15 loss=9.294158e+01
step=20 loss=7.653034e+01
step=25 loss=6.821365e+01
step=30 loss=4.654895e+01
step=35 loss=5.184766e+01
step=40 loss=4.695701e+01
step=45 loss=2.700635e+01
step=50 loss=2.823096e+01
step=55 loss=6.679673e+00
step=60 loss=1.311941e+01
step=65 loss=2.481492e+01
step=70 loss=4.395928e+00
step=75 loss=9.257515e+00
step=80 loss=1.021577e+01
step=85 loss=8.207166e+00
step=90 loss=4.766749e+00
step=95 loss=4.711792e+00
Training and evaluating model with k=40
step=0 loss=4.767551e+02
step=5 loss=9.542185e+01
step=10 loss=1.314407e+02
step=15 loss=8.077729e+01
step=20 loss=3.796380e+01
step=25 loss=4.911693e+01
step=30 loss=2.463700e+01
step=35 loss=1.455153e+01
step=40 loss=1.741148e+01
step=45 loss=8.891062e+00
step=50 loss=6.484114e+00
step=55 loss=1.823839e+00
step=60 loss=8.105586e+00
step=65 loss=1.079144e+01
step=70 loss=2.684552e+00
step=75 loss=4.346499e+00
step=80 loss=5.045405e+00
step=85 loss=7.765398e+00
step=90 loss=3.566932e+00
step=95 loss=3.300232e+00
Training and evaluating model with k=45
step=0 loss=9.430433e+02
step=5 loss=2.572466e+02
step=10 loss=6.035462e+01
step=15 loss=4.187860e+01
step=20 loss=4.427769e+01
step=25 loss=3.707798e+01
step=30 loss=3.244310e+01
step=35 loss=5.124403e+01
step=40 loss=2.508638e+01
step=45 loss=1.709710e+01
step=50 loss=1.134338e+01
step=55 loss=1.829436e+00
step=60 loss=9.075487e+00
step=65 loss=5.926976e+00
step=70 loss=1.338555e+00
step=75 loss=4.167108e+00
step=80 loss=4.568960e+00
step=85 loss=5.931442e+00
step=90 loss=2.759401e+00
step=95 loss=2.849095e+00
Training and evaluating model with k=50
step=0 loss=1.520688e+02
step=5 loss=7.911774e+01
step=10 loss=5.791095e+01
step=15 loss=2.627568e+01
step=20 loss=3.193246e+01
step=25 loss=4.649500e+01
step=30 loss=1.599320e+01
step=35 loss=1.791915e+01
step=40 loss=1.999459e+01
step=45 loss=2.645555e+01
step=50 loss=1.152438e+01
step=55 loss=1.833735e+00
step=60 loss=5.146871e+00
step=65 loss=6.601260e+00
step=70 loss=1.192003e+00
step=75 loss=3.449315e+00
step=80 loss=4.843820e+00
step=85 loss=2.713532e+00
step=90 loss=3.715119e+00
step=95 loss=3.528109e+00
Training and evaluating model with k=55
step=0 loss=2.609320e+02
step=5 loss=1.077069e+02
step=10 loss=9.130106e+01
step=15 loss=5.070085e+01
step=20 loss=2.869902e+01
step=25 loss=2.441890e+01
step=30 loss=2.552289e+01
step=35 loss=1.435966e+01
step=40 loss=1.246596e+01
step=45 loss=7.514166e+00
step=50 loss=1.506472e+01
step=55 loss=1.260860e+00
step=60 loss=4.718220e+00
step=65 loss=1.015484e+01
step=70 loss=1.817678e+00
step=75 loss=5.503016e+00
step=80 loss=3.565942e+00
step=85 loss=4.127263e+00
step=90 loss=2.846697e+00
step=95 loss=2.488558e+00
Training and evaluating model with k=60
step=0 loss=3.500184e+02
step=5 loss=8.330267e+01
step=10 loss=1.001836e+02
step=15 loss=4.148325e+01
step=20 loss=3.547190e+01
step=25 loss=7.399521e+00
step=30 loss=1.546337e+01
step=35 loss=1.428636e+01
step=40 loss=1.092099e+01
step=45 loss=5.079312e+00
step=50 loss=3.850642e+00
step=55 loss=7.950606e-01
step=60 loss=3.331418e+00
step=65 loss=3.023660e+00
step=70 loss=9.050874e-01
step=75 loss=2.374584e+00
step=80 loss=2.460615e+00
step=85 loss=2.059792e+00
step=90 loss=1.569812e+00
step=95 loss=1.530478e+00
Training and evaluating model with k=65
step=0 loss=8.920344e+02
step=5 loss=1.994375e+02
step=10 loss=9.686314e+01
step=15 loss=7.414866e+01
step=20 loss=4.729788e+01
step=25 loss=5.727642e+01
step=30 loss=2.560938e+01
step=35 loss=1.701062e+01
step=40 loss=1.626882e+01
step=45 loss=1.039246e+01
step=50 loss=1.217820e+01
step=55 loss=1.718283e+00
step=60 loss=9.104575e+00
step=65 loss=5.608101e+00
step=70 loss=2.938750e+00
step=75 loss=3.999708e+00
step=80 loss=6.022491e+00
step=85 loss=3.551217e+00
step=90 loss=3.032523e+00
step=95 loss=2.959101e+00
Training and evaluating model with k=70
step=0 loss=5.856439e+02
step=5 loss=1.634354e+02
step=10 loss=1.100607e+02
step=15 loss=4.225380e+01
step=20 loss=3.589302e+01
step=25 loss=2.510090e+01
step=30 loss=3.957059e+01
step=35 loss=1.672563e+01
step=40 loss=2.678800e+01
step=45 loss=8.430622e+00
step=50 loss=8.261998e+00
step=55 loss=1.230499e+00
step=60 loss=4.626802e+00
step=65 loss=4.864628e+00
step=70 loss=2.028874e+00
step=75 loss=3.729437e+00
step=80 loss=3.325830e+00
step=85 loss=2.390260e+00
step=90 loss=1.917640e+00
step=95 loss=3.041614e+00
Training and evaluating model with k=75
step=0 loss=7.215703e+02
step=5 loss=2.562657e+02
step=10 loss=9.134369e+01
step=15 loss=6.267035e+01
step=20 loss=4.661846e+01
step=25 loss=2.160167e+01
step=30 loss=2.327308e+01
step=35 loss=1.594249e+01
step=40 loss=1.560137e+01
step=45 loss=1.163168e+01
step=50 loss=9.274226e+00
step=55 loss=1.210415e+00
step=60 loss=6.404849e+00
step=65 loss=8.010348e+00
step=70 loss=1.039858e+00
step=75 loss=3.771212e+00
step=80 loss=4.342649e+00
step=85 loss=3.094155e+00
step=90 loss=2.461372e+00
step=95 loss=3.549137e+00
Training and evaluating model with k=80
step=0 loss=1.263821e+02
step=5 loss=5.077718e+01
step=10 loss=3.568784e+01
step=15 loss=1.764841e+01
step=20 loss=1.247163e+01
step=25 loss=1.044748e+01
step=30 loss=1.229874e+01
step=35 loss=6.674182e+00
step=40 loss=7.047000e+00
step=45 loss=3.847864e+00
step=50 loss=4.655489e+00
step=55 loss=6.166512e-01
step=60 loss=2.656679e+00
step=65 loss=3.036556e+00
step=70 loss=8.727760e-01
step=75 loss=1.488311e+00
step=80 loss=1.291743e+00
step=85 loss=1.353403e+00
step=90 loss=1.012185e+00
step=95 loss=1.154311e+00
Training and evaluating model with k=85
step=0 loss=5.390289e+02
step=5 loss=1.278071e+02
step=10 loss=8.755020e+01
step=15 loss=4.965393e+01
step=20 loss=2.792674e+01
step=25 loss=2.375326e+01
step=30 loss=1.005316e+01
step=35 loss=1.028853e+01
step=40 loss=1.025618e+01
step=45 loss=1.044776e+01
step=50 loss=4.590750e+00
step=55 loss=5.680216e-01
step=60 loss=2.181845e+00
step=65 loss=2.343091e+00
step=70 loss=7.094368e-01
step=75 loss=2.889349e+00
step=80 loss=1.998787e+00
step=85 loss=1.932364e+00
step=90 loss=1.779646e+00
step=95 loss=2.517832e+00
Training and evaluating model with k=90
step=0 loss=3.172552e+02
step=5 loss=1.299304e+02
step=10 loss=6.438071e+01
step=15 loss=3.314025e+01
step=20 loss=3.648106e+01
step=25 loss=1.965657e+01
step=30 loss=1.458539e+01
step=35 loss=1.155090e+01
step=40 loss=8.504145e+00
step=45 loss=8.135598e+00
step=50 loss=5.481724e+00
step=55 loss=1.058922e+00
step=60 loss=4.820421e+00
step=65 loss=3.010515e+00
step=70 loss=8.864689e-01
step=75 loss=1.951904e+00
step=80 loss=2.753438e+00
step=85 loss=1.564468e+00
step=90 loss=1.810224e+00
step=95 loss=1.425353e+00
Training and evaluating model with k=95
step=0 loss=5.463525e+02
step=5 loss=9.814276e+01
step=10 loss=7.540314e+01
step=15 loss=3.930659e+01
step=20 loss=2.572341e+01
step=25 loss=1.360990e+01
step=30 loss=9.768654e+00
step=35 loss=1.647141e+01
step=40 loss=9.772273e+00
step=45 loss=6.047036e+00
step=50 loss=4.441909e+00
step=55 loss=6.826750e-01
step=60 loss=2.426180e+00
step=65 loss=2.778737e+00
step=70 loss=9.005015e-01
step=75 loss=3.027821e+00
step=80 loss=2.025436e+00
step=85 loss=1.681243e+00
step=90 loss=1.488763e+00
step=95 loss=1.236962e+00
Training and evaluating model with k=100
step=0 loss=5.584356e+01
step=5 loss=4.521822e+01
step=10 loss=1.967330e+01
step=15 loss=1.194453e+01
step=20 loss=1.054569e+01
step=25 loss=6.675374e+00
step=30 loss=5.480225e+00
step=35 loss=3.746563e+00
step=40 loss=4.117402e+00
step=45 loss=1.616489e+00
step=50 loss=1.772498e+00
step=55 loss=2.084131e-01
step=60 loss=1.910730e+00
step=65 loss=1.273402e+00
step=70 loss=3.890352e-01
step=75 loss=5.499209e-01
step=80 loss=1.823032e+00
step=85 loss=5.377141e-01
step=90 loss=5.107779e-01
step=95 loss=9.713256e-01
Starting fold 4
Training and evaluating model with k=10
step=0 loss=1.403819e+04
step=5 loss=5.590512e+03
step=10 loss=2.481869e+03
step=15 loss=1.343588e+03
step=20 loss=9.094620e+02
step=25 loss=1.235999e+03
step=30 loss=1.155808e+03
step=35 loss=7.386208e+02
step=40 loss=1.195422e+03
step=45 loss=9.147548e+02
step=50 loss=7.826389e+02
step=55 loss=7.214497e+02
step=60 loss=1.015729e+03
step=65 loss=3.721581e+02
step=70 loss=5.671625e+02
step=75 loss=3.977851e+02
step=80 loss=3.369628e+02
step=85 loss=6.245306e+02
step=90 loss=4.579084e+02
step=95 loss=2.842368e+02
Training and evaluating model with k=15
step=0 loss=1.412714e+03
step=5 loss=3.098481e+02
step=10 loss=2.802462e+02
step=15 loss=1.327064e+02
step=20 loss=1.660526e+02
step=25 loss=1.608300e+02
step=30 loss=1.039024e+02
step=35 loss=1.221677e+02
step=40 loss=1.517930e+02
step=45 loss=8.411401e+01
step=50 loss=4.716184e+01
step=55 loss=8.514410e+01
step=60 loss=7.195471e+01
step=65 loss=2.466025e+01
step=70 loss=3.601152e+01
step=75 loss=2.244500e+01
step=80 loss=3.110537e+01
step=85 loss=2.114937e+01
step=90 loss=2.214167e+01
step=95 loss=1.332472e+01
Training and evaluating model with k=20
step=0 loss=3.698661e+02
step=5 loss=1.501274e+02
step=10 loss=1.546118e+02
step=15 loss=6.743106e+01
step=20 loss=8.263146e+01
step=25 loss=6.569006e+01
step=30 loss=3.283342e+01
step=35 loss=2.189589e+01
step=40 loss=3.023662e+01
step=45 loss=3.896159e+01
step=50 loss=1.689718e+01
step=55 loss=1.688436e+01
step=60 loss=1.011452e+01
step=65 loss=2.373792e+01
step=70 loss=9.724282e+00
step=75 loss=1.609463e+01
step=80 loss=5.863049e+00
step=85 loss=5.573919e+00
step=90 loss=5.167201e+00
step=95 loss=4.474757e+00
Training and evaluating model with k=25
step=0 loss=2.550892e+02
step=5 loss=1.186618e+02
step=10 loss=1.141001e+02
step=15 loss=9.542880e+01
step=20 loss=6.536183e+01
step=25 loss=2.680413e+01
step=30 loss=5.149553e+01
step=35 loss=2.800053e+01
step=40 loss=5.520118e+01
step=45 loss=3.045504e+01
step=50 loss=1.827414e+01
step=55 loss=1.659572e+01
step=60 loss=5.942786e+01
step=65 loss=3.722270e+01
step=70 loss=1.191280e+01
step=75 loss=1.865978e+01
step=80 loss=1.333485e+01
step=85 loss=6.815580e+00
step=90 loss=1.387927e+01
step=95 loss=7.452042e+00
Training and evaluating model with k=30
step=0 loss=1.190506e+03
step=5 loss=6.322682e+02
step=10 loss=3.029428e+02
step=15 loss=1.689783e+02
step=20 loss=1.404100e+02
step=25 loss=7.257073e+01
step=30 loss=8.936348e+01
step=35 loss=4.713590e+01
step=40 loss=5.146285e+01
step=45 loss=3.063936e+01
step=50 loss=2.456929e+01
step=55 loss=2.316304e+01
step=60 loss=1.882531e+01
step=65 loss=1.233818e+01
step=70 loss=1.102143e+01
step=75 loss=1.038352e+01
step=80 loss=9.667679e+00
step=85 loss=6.605769e+00
step=90 loss=4.125808e+00
step=95 loss=7.192845e+00
Training and evaluating model with k=35
step=0 loss=4.927453e+02
step=5 loss=8.625497e+01
step=10 loss=1.373465e+02
step=15 loss=5.270537e+01
step=20 loss=5.984488e+01
step=25 loss=5.322504e+01
step=30 loss=5.987171e+01
step=35 loss=2.504045e+01
step=40 loss=1.949989e+01
step=45 loss=2.477569e+01
step=50 loss=1.621305e+01
step=55 loss=1.044230e+01
step=60 loss=1.076113e+01
step=65 loss=9.264384e+00
step=70 loss=9.440457e+00
step=75 loss=6.990047e+00
step=80 loss=5.263412e+00
step=85 loss=4.851961e+00
step=90 loss=6.990478e+00
step=95 loss=4.178153e+00
Training and evaluating model with k=40
step=0 loss=1.114940e+03
step=5 loss=1.256156e+02
step=10 loss=9.928458e+01
step=15 loss=5.338987e+01
step=20 loss=5.441142e+01
step=25 loss=4.258125e+01
step=30 loss=3.587630e+01
step=35 loss=3.135664e+01
step=40 loss=1.122980e+01
step=45 loss=1.085658e+01
step=50 loss=1.899149e+01
step=55 loss=9.001012e+00
step=60 loss=8.398511e+00
step=65 loss=5.473097e+00
step=70 loss=5.605538e+00
step=75 loss=4.254796e+00
step=80 loss=9.735788e+00
step=85 loss=6.123254e+00
step=90 loss=2.608776e+00
step=95 loss=4.027201e+00
Training and evaluating model with k=45
step=0 loss=1.334562e+02
step=5 loss=8.069909e+01
step=10 loss=6.145945e+01
step=15 loss=7.010712e+01
step=20 loss=1.891383e+01
step=25 loss=2.617361e+01
step=30 loss=1.722671e+01
step=35 loss=8.879465e+00
step=40 loss=8.380302e+00
step=45 loss=8.681300e+00
step=50 loss=6.029507e+00
step=55 loss=9.333605e+00
step=60 loss=3.428893e+00
step=65 loss=3.290261e+00
step=70 loss=8.850425e+00
step=75 loss=3.533337e+00
step=80 loss=2.283144e+00
step=85 loss=2.371661e+00
step=90 loss=1.631257e+00
step=95 loss=6.793232e+00
Training and evaluating model with k=50
step=0 loss=1.214390e+03
step=5 loss=3.884294e+02
step=10 loss=9.703412e+01
step=15 loss=7.192580e+01
step=20 loss=7.651142e+01
step=25 loss=8.141381e+01
step=30 loss=4.858073e+01
step=35 loss=2.639291e+01
step=40 loss=1.970348e+01
step=45 loss=1.513768e+01
step=50 loss=2.074586e+01
step=55 loss=1.399980e+01
step=60 loss=1.213801e+01
step=65 loss=1.073221e+01
step=70 loss=8.430238e+00
step=75 loss=6.495349e+00
step=80 loss=6.914771e+00
step=85 loss=8.298861e+00
step=90 loss=5.505296e+00
step=95 loss=5.515767e+00
Training and evaluating model with k=55
step=0 loss=8.690674e+01
step=5 loss=3.832454e+01
step=10 loss=4.483237e+01
step=15 loss=4.283181e+01
step=20 loss=1.648559e+01
step=25 loss=1.456190e+01
step=30 loss=1.120393e+01
step=35 loss=1.177843e+01
step=40 loss=9.126484e+00
step=45 loss=3.987951e+00
step=50 loss=5.836274e+00
step=55 loss=3.831232e+00
step=60 loss=5.372461e+00
step=65 loss=5.393209e+00
step=70 loss=1.818885e+00
step=75 loss=3.298709e+00
step=80 loss=1.648882e+00
step=85 loss=1.591670e+00
step=90 loss=1.442765e+00
step=95 loss=2.944641e+00
Training and evaluating model with k=60
step=0 loss=1.998994e+02
step=5 loss=7.483088e+01
step=10 loss=5.173304e+01
step=15 loss=4.798428e+01
step=20 loss=5.693844e+01
step=25 loss=2.428652e+01
step=30 loss=2.847093e+01
step=35 loss=1.954357e+01
step=40 loss=9.503861e+00
step=45 loss=1.039448e+01
step=50 loss=9.396469e+00
step=55 loss=6.003075e+00
step=60 loss=4.822554e+00
step=65 loss=4.615457e+00
step=70 loss=4.460197e+00
step=75 loss=6.463918e+00
step=80 loss=5.251217e+00
step=85 loss=2.090583e+00
step=90 loss=2.777473e+00
step=95 loss=1.957858e+00
Training and evaluating model with k=65
step=0 loss=1.816719e+03
step=5 loss=6.270392e+02
step=10 loss=1.337981e+02
step=15 loss=9.932322e+01
step=20 loss=7.061102e+01
step=25 loss=6.154287e+01
step=30 loss=7.372619e+01
step=35 loss=3.172647e+01
step=40 loss=3.272477e+01
step=45 loss=2.178362e+01
step=50 loss=1.502095e+01
step=55 loss=8.267976e+00
step=60 loss=9.450212e+00
step=65 loss=1.006193e+01
step=70 loss=9.247641e+00
step=75 loss=6.961040e+00
step=80 loss=5.752721e+00
step=85 loss=5.134215e+00
step=90 loss=3.927962e+00
step=95 loss=4.543680e+00
Training and evaluating model with k=70
step=0 loss=2.311429e+02
step=5 loss=1.179174e+02
step=10 loss=8.737679e+01
step=15 loss=6.011684e+01
step=20 loss=2.049264e+01
step=25 loss=1.958524e+01
step=30 loss=3.381179e+01
step=35 loss=1.781610e+01
step=40 loss=1.260453e+01
step=45 loss=7.523417e+00
step=50 loss=1.216322e+01
step=55 loss=1.280072e+01
step=60 loss=1.058318e+01
step=65 loss=3.489763e+00
step=70 loss=6.890405e+00
step=75 loss=3.085745e+00
step=80 loss=4.236747e+00
step=85 loss=2.509646e+00
step=90 loss=2.465558e+00
step=95 loss=2.578905e+00
Training and evaluating model with k=75
step=0 loss=7.946959e+02
step=5 loss=1.680272e+02
step=10 loss=6.042840e+01
step=15 loss=5.673444e+01
step=20 loss=3.506206e+01
step=25 loss=1.193047e+01
step=30 loss=2.049801e+01
step=35 loss=8.245513e+00
step=40 loss=7.542917e+00
step=45 loss=8.039237e+00
step=50 loss=6.092679e+00
step=55 loss=3.776620e+00
step=60 loss=4.484252e+00
step=65 loss=3.354954e+00
step=70 loss=4.018852e+00
step=75 loss=2.084231e+00
step=80 loss=3.970849e+00
step=85 loss=2.414133e+00
step=90 loss=1.861741e+00
step=95 loss=2.312981e+00
Training and evaluating model with k=80
step=0 loss=1.887667e+02
step=5 loss=7.043507e+01
step=10 loss=4.142019e+01
step=15 loss=2.617567e+01
step=20 loss=2.285359e+01
step=25 loss=2.176862e+01
step=30 loss=1.305592e+01
step=35 loss=8.674254e+00
step=40 loss=9.254657e+00
step=45 loss=6.053529e+00
step=50 loss=6.283590e+00
step=55 loss=6.055127e+00
step=60 loss=3.424000e+00
step=65 loss=3.364953e+00
step=70 loss=2.045902e+00
step=75 loss=1.896976e+00
step=80 loss=2.678161e+00
step=85 loss=1.488259e+00
step=90 loss=1.209902e+00
step=95 loss=9.367283e-01
Training and evaluating model with k=85
step=0 loss=1.221179e+02
step=5 loss=7.708437e+01
step=10 loss=2.604747e+01
step=15 loss=2.580087e+01
step=20 loss=1.793620e+01
step=25 loss=1.509276e+01
step=30 loss=8.733844e+00
step=35 loss=6.886895e+00
step=40 loss=5.128308e+00
step=45 loss=4.252033e+00
step=50 loss=4.958806e+00
step=55 loss=1.220573e+01
step=60 loss=3.447022e+00
step=65 loss=2.567639e+00
step=70 loss=4.710814e+00
step=75 loss=1.291905e+00
step=80 loss=1.551828e+00
step=85 loss=1.601669e+00
step=90 loss=1.638768e+00
step=95 loss=1.110822e+00
Training and evaluating model with k=90
step=0 loss=4.230667e+02
step=5 loss=1.049056e+02
step=10 loss=7.377571e+01
step=15 loss=4.505707e+01
step=20 loss=2.487434e+01
step=25 loss=1.661159e+01
step=30 loss=8.710263e+00
step=35 loss=1.155847e+01
step=40 loss=6.973616e+00
step=45 loss=8.072892e+00
step=50 loss=4.629599e+00
step=55 loss=3.639772e+00
step=60 loss=4.194139e+00
step=65 loss=2.358410e+00
step=70 loss=2.561908e+00
step=75 loss=2.851673e+00
step=80 loss=1.935367e+00
step=85 loss=1.981600e+00
step=90 loss=1.348854e+00
step=95 loss=1.172920e+00
Training and evaluating model with k=95
step=0 loss=3.625145e+01
step=5 loss=2.404579e+01
step=10 loss=2.802430e+01
step=15 loss=2.384687e+01
step=20 loss=7.382522e+00
step=25 loss=7.186093e+00
step=30 loss=8.098415e+00
step=35 loss=4.559237e+00
step=40 loss=4.281085e+00
step=45 loss=4.687015e+00
step=50 loss=2.821487e+00
step=55 loss=2.179127e+00
step=60 loss=1.978097e+00
step=65 loss=1.571890e+00
step=70 loss=1.329782e+00
step=75 loss=1.076624e+00
step=80 loss=1.974071e+00
step=85 loss=9.068784e-01
step=90 loss=5.962251e-01
step=95 loss=1.825996e+00
Training and evaluating model with k=100
step=0 loss=1.275057e+03
step=5 loss=5.505312e+02
step=10 loss=2.004909e+02
step=15 loss=7.645817e+01
step=20 loss=5.845260e+01
step=25 loss=4.762145e+01
step=30 loss=2.752287e+01
step=35 loss=1.303965e+01
step=40 loss=1.264933e+01
step=45 loss=1.576428e+01
step=50 loss=1.225268e+01
step=55 loss=9.742157e+00
step=60 loss=8.472059e+00
step=65 loss=5.546187e+00
step=70 loss=4.875098e+00
step=75 loss=4.827672e+00
step=80 loss=4.900680e+00
step=85 loss=3.870169e+00
step=90 loss=3.247613e+00
step=95 loss=2.470070e+00
Starting fold 5
Training and evaluating model with k=10
step=0 loss=1.504167e+04
step=5 loss=8.921965e+03
step=10 loss=3.935551e+03
step=15 loss=2.591084e+03
step=20 loss=1.891603e+03
step=25 loss=1.110224e+03
step=30 loss=1.631709e+03
step=35 loss=1.423456e+03
step=40 loss=1.182077e+03
step=45 loss=7.309279e+02
step=50 loss=7.098712e+02
step=55 loss=7.448791e+02
step=60 loss=5.913052e+02
step=65 loss=3.698710e+02
step=70 loss=4.263325e+02
step=75 loss=3.875195e+02
step=80 loss=7.333385e+01
step=85 loss=1.822172e+02
step=90 loss=3.365701e+02
step=95 loss=7.502430e+01
Training and evaluating model with k=15
step=0 loss=4.967338e+03
step=5 loss=1.838299e+03
step=10 loss=4.896763e+02
step=15 loss=4.629104e+02
step=20 loss=3.964056e+02
step=25 loss=4.315876e+02
step=30 loss=2.287490e+02
step=35 loss=1.193662e+02
step=40 loss=1.687752e+02
step=45 loss=9.811555e+01
step=50 loss=1.318944e+02
step=55 loss=9.593468e+01
step=60 loss=6.039637e+01
step=65 loss=6.095787e+01
step=70 loss=7.416550e+01
step=75 loss=8.205689e+01
step=80 loss=1.728901e+01
step=85 loss=8.251822e+01
step=90 loss=4.267509e+01
step=95 loss=1.451537e+01
Training and evaluating model with k=20
step=0 loss=1.622866e+03
step=5 loss=5.180631e+02
step=10 loss=6.858297e+02
step=15 loss=4.999781e+02
step=20 loss=4.235417e+02
step=25 loss=2.255885e+02
step=30 loss=2.143730e+02
step=35 loss=1.482466e+02
step=40 loss=1.283493e+02
step=45 loss=1.194007e+02
step=50 loss=1.074188e+02
step=55 loss=1.562754e+02
step=60 loss=1.106238e+02
step=65 loss=1.185408e+02
step=70 loss=6.313367e+01
step=75 loss=5.263800e+01
step=80 loss=1.722447e+01
step=85 loss=4.097657e+01
step=90 loss=6.622620e+01
step=95 loss=1.174768e+01
Training and evaluating model with k=25
step=0 loss=3.347758e+03
step=5 loss=1.037547e+03
step=10 loss=3.425872e+02
step=15 loss=3.033610e+02
step=20 loss=1.521796e+02
step=25 loss=1.090982e+02
step=30 loss=1.335082e+02
step=35 loss=1.001114e+02
step=40 loss=7.184109e+01
step=45 loss=6.718709e+01
step=50 loss=3.770975e+01
step=55 loss=9.765363e+01
step=60 loss=8.989950e+01
step=65 loss=6.490253e+01
step=70 loss=5.592058e+01
step=75 loss=5.226020e+01
step=80 loss=5.117772e+00
step=85 loss=2.921268e+01
step=90 loss=3.050298e+01
step=95 loss=6.710201e+00
Training and evaluating model with k=30
step=0 loss=2.418805e+03
step=5 loss=6.710861e+02
step=10 loss=2.489360e+02
step=15 loss=1.657971e+02
step=20 loss=1.988752e+02
step=25 loss=1.572000e+02
step=30 loss=1.068073e+02
step=35 loss=8.317841e+01
step=40 loss=4.884274e+01
step=45 loss=8.285908e+01
step=50 loss=3.618987e+01
step=55 loss=5.932252e+01
step=60 loss=4.725770e+01
step=65 loss=1.823917e+01
step=70 loss=1.371694e+01
step=75 loss=1.967834e+01
step=80 loss=2.741409e+00
step=85 loss=6.982186e+00
step=90 loss=8.862330e+00
step=95 loss=3.266981e+00
Training and evaluating model with k=35
step=0 loss=1.665433e+02
step=5 loss=1.081322e+02
step=10 loss=1.099380e+02
step=15 loss=9.591465e+01
step=20 loss=7.866109e+01
step=25 loss=6.383359e+01
step=30 loss=2.785400e+01
step=35 loss=2.821167e+01
step=40 loss=3.017735e+01
step=45 loss=3.501642e+01
step=50 loss=2.573121e+01
step=55 loss=1.472270e+01
step=60 loss=1.305591e+01
step=65 loss=1.365124e+01
step=70 loss=7.075677e+00
step=75 loss=1.214861e+01
step=80 loss=1.685029e+00
step=85 loss=3.201050e+00
step=90 loss=6.486407e+00
step=95 loss=1.154951e+00
Training and evaluating model with k=40
step=0 loss=3.349898e+02
step=5 loss=1.923807e+02
step=10 loss=1.473329e+02
step=15 loss=6.143549e+01
step=20 loss=5.568710e+01
step=25 loss=5.417267e+01
step=30 loss=5.085263e+01
step=35 loss=4.691309e+01
step=40 loss=2.500585e+01
step=45 loss=2.668198e+01
step=50 loss=1.847850e+01
step=55 loss=9.839643e+00
step=60 loss=1.598542e+01
step=65 loss=1.320488e+01
step=70 loss=9.104945e+00
step=75 loss=5.530687e+00
step=80 loss=8.904173e-01
step=85 loss=5.418999e+00
step=90 loss=7.509830e+00
step=95 loss=1.112189e+00
Training and evaluating model with k=45
step=0 loss=1.093023e+03
step=5 loss=3.797592e+02
step=10 loss=1.766795e+02
step=15 loss=7.477370e+01
step=20 loss=6.272048e+01
step=25 loss=5.992139e+01
step=30 loss=4.238708e+01
step=35 loss=2.987232e+01
step=40 loss=3.384798e+01
step=45 loss=4.609331e+01
step=50 loss=1.715557e+01
step=55 loss=1.747941e+01
step=60 loss=9.867219e+00
step=65 loss=1.116783e+01
step=70 loss=6.163294e+00
step=75 loss=6.720576e+00
step=80 loss=1.213433e+00
step=85 loss=6.419773e+00
step=90 loss=7.121688e+00
step=95 loss=1.621956e+00
Training and evaluating model with k=50
step=0 loss=1.775066e+03
step=5 loss=6.704578e+02
step=10 loss=1.179124e+02
step=15 loss=7.526605e+01
step=20 loss=4.325784e+01
step=25 loss=6.038641e+01
step=30 loss=5.250222e+01
step=35 loss=3.076412e+01
step=40 loss=2.736039e+01
step=45 loss=2.600877e+01
step=50 loss=1.388751e+01
step=55 loss=1.094741e+01
step=60 loss=1.434574e+01
step=65 loss=8.535851e+00
step=70 loss=1.089135e+01
step=75 loss=7.552094e+00
step=80 loss=1.672696e+00
step=85 loss=7.013049e+00
step=90 loss=6.129773e+00
step=95 loss=2.089252e+00
Training and evaluating model with k=55
step=0 loss=7.225452e+02
step=5 loss=8.773180e+01
step=10 loss=9.055956e+01
step=15 loss=4.458615e+01
step=20 loss=2.577730e+01
step=25 loss=2.376369e+01
step=30 loss=5.445087e+01
step=35 loss=1.187452e+01
step=40 loss=1.650270e+01
step=45 loss=1.271564e+01
step=50 loss=9.826015e+00
step=55 loss=5.742874e+00
step=60 loss=5.665130e+00
step=65 loss=3.542928e+00
step=70 loss=4.863747e+00
step=75 loss=3.607791e+00
step=80 loss=6.980409e-01
step=85 loss=3.536159e+00
step=90 loss=4.005301e+00
step=95 loss=9.368264e-01
Training and evaluating model with k=60
step=0 loss=3.372285e+02
step=5 loss=1.374239e+02
step=10 loss=1.028775e+02
step=15 loss=4.419251e+01
step=20 loss=5.333328e+01
step=25 loss=3.866726e+01
step=30 loss=3.670321e+01
step=35 loss=1.800368e+01
step=40 loss=1.322811e+01
step=45 loss=1.948828e+01
step=50 loss=1.005185e+01
step=55 loss=7.177752e+00
step=60 loss=1.123279e+01
step=65 loss=5.952357e+00
step=70 loss=5.570416e+00
step=75 loss=4.328110e+00
step=80 loss=9.215494e-01
step=85 loss=3.068992e+00
step=90 loss=3.392498e+00
step=95 loss=6.842321e-01
Training and evaluating model with k=65
step=0 loss=1.221830e+03
step=5 loss=2.813094e+02
step=10 loss=1.002497e+02
step=15 loss=4.281469e+01
step=20 loss=4.802964e+01
step=25 loss=3.637532e+01
step=30 loss=2.474348e+01
step=35 loss=1.400735e+01
step=40 loss=1.172324e+01
step=45 loss=1.214067e+01
step=50 loss=6.350561e+00
step=55 loss=7.280069e+00
step=60 loss=5.494832e+00
step=65 loss=6.756613e+00
step=70 loss=6.686295e+00
step=75 loss=3.122967e+00
step=80 loss=8.784797e-01
step=85 loss=2.117348e+00
step=90 loss=3.459690e+00
step=95 loss=8.802009e-01
Training and evaluating model with k=70
step=0 loss=1.007770e+03
step=5 loss=2.682055e+02
step=10 loss=5.021459e+01
step=15 loss=2.961910e+01
step=20 loss=4.288305e+01
step=25 loss=1.635661e+01
step=30 loss=1.292604e+01
step=35 loss=9.378910e+00
step=40 loss=1.043745e+01
step=45 loss=7.450150e+00
step=50 loss=1.411893e+01
step=55 loss=6.608613e+00
step=60 loss=4.820677e+00
step=65 loss=4.228570e+00
step=70 loss=3.946622e+00
step=75 loss=3.754675e+00
step=80 loss=6.877989e-01
step=85 loss=1.564772e+00
step=90 loss=2.196074e+00
step=95 loss=7.095097e-01
Training and evaluating model with k=75
step=0 loss=1.090323e+03
step=5 loss=2.328473e+02
step=10 loss=9.494962e+01
step=15 loss=6.217570e+01
step=20 loss=3.978565e+01
step=25 loss=1.870047e+01
step=30 loss=1.985637e+01
step=35 loss=1.895275e+01
step=40 loss=1.009426e+01
step=45 loss=1.782292e+01
step=50 loss=1.161920e+01
step=55 loss=5.572454e+00
step=60 loss=5.307855e+00
step=65 loss=6.053253e+00
step=70 loss=4.634080e+00
step=75 loss=2.721244e+00
step=80 loss=5.664095e-01
step=85 loss=1.649972e+00
step=90 loss=2.158214e+00
step=95 loss=1.300130e+00
Training and evaluating model with k=80
step=0 loss=4.267115e+02
step=5 loss=5.748802e+01
step=10 loss=6.983652e+01
step=15 loss=4.420853e+01
step=20 loss=1.799329e+01
step=25 loss=1.996344e+01
step=30 loss=1.065216e+01
step=35 loss=1.693959e+01
step=40 loss=1.389084e+01
step=45 loss=5.631482e+00
step=50 loss=7.375609e+00
step=55 loss=4.255534e+00
step=60 loss=2.177994e+00
step=65 loss=2.886746e+00
step=70 loss=2.165717e+00
step=75 loss=2.143724e+00
step=80 loss=3.509999e-01
step=85 loss=1.340815e+00
step=90 loss=1.188548e+00
step=95 loss=4.990591e-01
Training and evaluating model with k=85
step=0 loss=1.701026e+02
step=5 loss=9.448235e+01
step=10 loss=3.254964e+01
step=15 loss=3.196020e+01
step=20 loss=1.854189e+01
step=25 loss=9.093569e+00
step=30 loss=1.470173e+01
step=35 loss=1.581401e+01
step=40 loss=4.451001e+00
step=45 loss=7.381721e+00
step=50 loss=6.967266e+00
step=55 loss=6.016501e+00
step=60 loss=3.273898e+00
step=65 loss=3.272778e+00
step=70 loss=1.433236e+00
step=75 loss=3.933407e+00
step=80 loss=1.946622e-01
step=85 loss=8.056636e-01
step=90 loss=1.078555e+00
step=95 loss=5.804836e-01
Training and evaluating model with k=90
step=0 loss=9.484804e+02
step=5 loss=1.830115e+02
step=10 loss=6.741249e+01
step=15 loss=2.385415e+01
step=20 loss=3.568607e+01
step=25 loss=2.617756e+01
step=30 loss=3.547359e+01
step=35 loss=2.072955e+01
step=40 loss=1.322925e+01
step=45 loss=9.830260e+00
step=50 loss=1.071876e+01
step=55 loss=7.101608e+00
step=60 loss=5.162774e+00
step=65 loss=4.162271e+00
step=70 loss=5.254283e+00
step=75 loss=3.064718e+00
step=80 loss=7.028189e-01
step=85 loss=2.228457e+00
step=90 loss=2.843611e+00
step=95 loss=7.836925e-01
Training and evaluating model with k=95
step=0 loss=1.062698e+03
step=5 loss=3.070838e+02
step=10 loss=6.441452e+01
step=15 loss=5.591509e+01
step=20 loss=4.477188e+01
step=25 loss=2.588958e+01
step=30 loss=3.054065e+01
step=35 loss=1.069317e+01
step=40 loss=6.559327e+00
step=45 loss=5.689752e+00
step=50 loss=6.082403e+00
step=55 loss=4.464791e+00
step=60 loss=3.546196e+00
step=65 loss=6.092544e+00
step=70 loss=3.639853e+00
step=75 loss=2.861465e+00
step=80 loss=5.337416e-01
step=85 loss=2.295469e+00
step=90 loss=2.123276e+00
step=95 loss=6.416573e-01
Training and evaluating model with k=100
step=0 loss=7.212805e+02
step=5 loss=1.421240e+02
step=10 loss=4.418063e+01
step=15 loss=3.133769e+01
step=20 loss=2.491326e+01
step=25 loss=1.314953e+01
step=30 loss=9.262922e+00
step=35 loss=1.076105e+01
step=40 loss=8.831620e+00
step=45 loss=5.014294e+00
step=50 loss=6.366324e+00
step=55 loss=3.644582e+00
step=60 loss=3.268999e+00
step=65 loss=3.501718e+00
step=70 loss=2.480185e+00
step=75 loss=2.184130e+00
step=80 loss=4.267035e-01
step=85 loss=1.307555e+00
step=90 loss=1.559511e+00
step=95 loss=4.485500e-01
mses

------------------------------------------------------------
Sender: LSF System <lsfadmin@hpc.dtu.dk>
Subject: Job 28615081: <hokus_pokus_decide_k_a10> in cluster <dcc> Done

Job <hokus_pokus_decide_k_a10> was submitted from host <n-62-20-9> by user <s245822> in cluster <dcc> at Mon Jun  8 21:48:22 2026
Job was executed on host(s) <4*n-62-18-5>, in queue <gpua10>, as user <s245822> in cluster <dcc> at Tue Jun  9 01:05:21 2026
</zhome/4c/b/216159> was used as the home directory.
</work3/s245822/Fagprojekt-2026> was used as the working directory.
Started at Tue Jun  9 01:05:21 2026
Terminated at Tue Jun  9 03:16:53 2026
Results reported at Tue Jun  9 03:16:53 2026

Your job looked like:

------------------------------------------------------------
# LSBATCH: User input
#!/bin/bash
#BSUB -J hokus_pokus_decide_k_a10
#BSUB -q gpua10
#BSUB -n 4
#BSUB -R "rusage[mem=1GB] span[hosts=1]"
#BSUB -gpu "num=1:mode=exclusive_process"
#BSUB -W 08:00
#BSUB -o logs/hokus_pokus_%J.out
#BSUB -e logs/hokus_pokus_%J.err

source /work3/s245822/Fagprojekt-2026/.venv/bin/activate
cd /work3/s245822/Fagprojekt-2026

python src/fagprojekt/Hokus_pokus.py
------------------------------------------------------------

Successfully completed.

Resource usage summary:

    CPU time :                                   8012.00 sec.
    Max Memory :                                 1794 MB
    Average Memory :                             1689.96 MB
    Total Requested Memory :                     4096.00 MB
    Delta Memory :                               2302.00 MB
    Max Swap :                                   -
    Max Processes :                              4
    Max Threads :                                16
    Run time :                                   7892 sec.
    Turnaround time :                            19711 sec.

The output (if any) is above this job summary.



PS:

Read file <logs/hokus_pokus_28615081.err> for stderr output of this job.

