CUDA_VISIBLE_DEVICES: 0
Available GPUs: 1
Current device: 0
Loading model and tokenizer once at the start...
Starting fold 1
Training and evaluating model with k=10
step=0 loss=1.310052e+03
step=5 loss=4.054499e+02
step=10 loss=2.929677e+02
step=15 loss=2.141485e+02
step=20 loss=2.854537e+02
step=25 loss=3.943475e+02
step=30 loss=3.386428e+02
step=35 loss=2.032758e+02
step=40 loss=2.029849e+02
step=45 loss=1.348682e+02
step=50 loss=1.763808e+02
step=55 loss=3.029029e+01
step=60 loss=1.505480e+02
step=65 loss=1.209256e+02
step=70 loss=2.864911e+01
step=75 loss=8.253490e+01
step=80 loss=9.091064e+01
step=85 loss=7.846595e+01
step=90 loss=8.841043e+01
step=95 loss=5.819172e+01
Training and evaluating model with k=15
step=0 loss=2.995524e+03
step=5 loss=1.085146e+03
step=10 loss=3.137412e+02
step=15 loss=3.326291e+02
step=20 loss=3.582895e+02
step=25 loss=2.416330e+02
step=30 loss=1.798571e+02
step=35 loss=2.423124e+02
step=40 loss=8.501142e+01
step=45 loss=1.446394e+02
step=50 loss=8.563374e+01
step=55 loss=1.584426e+01
step=60 loss=7.787434e+01
step=65 loss=1.056504e+02
step=70 loss=1.981728e+01
step=75 loss=6.416538e+01
step=80 loss=5.767841e+01
step=85 loss=5.942095e+01
step=90 loss=3.921342e+01
step=95 loss=4.532831e+01
Training and evaluating model with k=20
step=0 loss=3.266228e+03
step=5 loss=1.095428e+03
step=10 loss=4.457134e+02
step=15 loss=1.896652e+02
step=20 loss=1.598987e+02
step=25 loss=2.431752e+02
step=30 loss=1.373732e+02
step=35 loss=1.931091e+02
step=40 loss=1.122668e+02
step=45 loss=7.015002e+01
step=50 loss=7.724625e+01
step=55 loss=1.515057e+01
step=60 loss=5.575471e+01
step=65 loss=5.668208e+01
step=70 loss=1.920370e+01
step=75 loss=2.898581e+01
step=80 loss=4.124839e+01
step=85 loss=3.445372e+01
step=90 loss=3.584530e+01
step=95 loss=1.770734e+01
Training and evaluating model with k=25
step=0 loss=4.898990e+03
step=5 loss=2.236104e+03
step=10 loss=8.296386e+02
step=15 loss=5.311330e+02
step=20 loss=1.468837e+02
step=25 loss=1.353196e+02
step=30 loss=8.082957e+01
step=35 loss=1.394784e+02
step=40 loss=1.503492e+02
step=45 loss=9.890678e+01
step=50 loss=8.459839e+01
step=55 loss=1.177954e+01
step=60 loss=5.366830e+01
step=65 loss=3.337424e+01
step=70 loss=1.639952e+01
step=75 loss=4.225525e+01
step=80 loss=4.593771e+01
step=85 loss=4.581253e+01
step=90 loss=3.581424e+01
step=95 loss=2.597507e+01
Training and evaluating model with k=30
step=0 loss=3.545806e+02
step=5 loss=2.478345e+02
step=10 loss=1.233938e+02
step=15 loss=1.287815e+02
step=20 loss=9.743066e+01
step=25 loss=7.560345e+01
step=30 loss=7.408500e+01
step=35 loss=4.362448e+01
step=40 loss=4.230013e+01
step=45 loss=3.287086e+01
step=50 loss=4.784373e+01
step=55 loss=5.524070e+00
step=60 loss=3.328415e+01
step=65 loss=5.524237e+01
step=70 loss=7.191496e+00
step=75 loss=2.228382e+01
step=80 loss=4.483471e+01
step=85 loss=3.774350e+01
step=90 loss=2.378412e+01
step=95 loss=2.421264e+01
Training and evaluating model with k=35
step=0 loss=1.382258e+03
step=5 loss=3.067880e+02
step=10 loss=1.838299e+02
step=15 loss=1.469890e+02
step=20 loss=1.453647e+02
step=25 loss=8.348355e+01
step=30 loss=8.562984e+01
step=35 loss=3.739932e+01
step=40 loss=3.523003e+01
step=45 loss=3.051223e+01
step=50 loss=2.081378e+01
step=55 loss=5.550387e+00
step=60 loss=2.106683e+01
step=65 loss=2.035764e+01
step=70 loss=5.731320e+00
step=75 loss=1.042266e+01
step=80 loss=2.326631e+01
step=85 loss=8.883177e+00
step=90 loss=4.452926e+00
step=95 loss=5.891981e+00
Training and evaluating model with k=40
step=0 loss=2.766315e+02
step=5 loss=6.914916e+01
step=10 loss=4.283110e+01
step=15 loss=2.398969e+01
step=20 loss=8.607660e+01
step=25 loss=2.470178e+01
step=30 loss=1.292299e+01
step=35 loss=1.399120e+01
step=40 loss=1.377821e+01
step=45 loss=8.104065e+00
step=50 loss=6.748043e+00
step=55 loss=1.458300e+00
step=60 loss=4.422811e+00
step=65 loss=6.726694e+00
step=70 loss=1.949333e+00
step=75 loss=3.454319e+00
step=80 loss=3.746597e+00
step=85 loss=2.773911e+00
step=90 loss=2.833058e+00
step=95 loss=1.723847e+00
Training and evaluating model with k=45
step=0 loss=2.462400e+02
step=5 loss=1.685147e+02
step=10 loss=6.836063e+01
step=15 loss=6.581899e+01
step=20 loss=6.362855e+01
step=25 loss=7.400740e+01
step=30 loss=3.658606e+01
step=35 loss=2.282829e+01
step=40 loss=2.217418e+01
step=45 loss=1.606264e+01
step=50 loss=1.413478e+01
step=55 loss=3.256589e+00
step=60 loss=1.441230e+01
step=65 loss=1.066080e+01
step=70 loss=6.379933e+00
step=75 loss=6.308373e+00
step=80 loss=6.421389e+00
step=85 loss=6.095895e+00
step=90 loss=9.336995e+00
step=95 loss=1.032271e+01
Training and evaluating model with k=50
step=0 loss=1.727101e+02
step=5 loss=1.058954e+02
step=10 loss=1.039122e+02
step=15 loss=4.829754e+01
step=20 loss=7.334461e+01
step=25 loss=2.338565e+01
step=30 loss=2.199439e+01
step=35 loss=1.828462e+01
step=40 loss=1.216650e+01
step=45 loss=1.822376e+01
step=50 loss=9.338354e+00
step=55 loss=1.844262e+00
step=60 loss=5.209995e+00
step=65 loss=6.884810e+00
step=70 loss=1.640668e+00
step=75 loss=4.332081e+00
step=80 loss=4.533391e+00
step=85 loss=3.486156e+00
step=90 loss=3.130836e+00
step=95 loss=2.372755e+00
Training and evaluating model with k=55
step=0 loss=4.326025e+02
step=5 loss=6.846868e+01
step=10 loss=9.382391e+01
step=15 loss=2.654910e+01
step=20 loss=3.205692e+01
step=25 loss=3.548459e+01
step=30 loss=1.748127e+01
step=35 loss=2.737122e+01
step=40 loss=1.618764e+01
step=45 loss=1.388927e+01
step=50 loss=1.187565e+01
step=55 loss=1.842579e+00
step=60 loss=6.297621e+00
step=65 loss=6.680370e+00
step=70 loss=1.763148e+00
step=75 loss=6.676439e+00
step=80 loss=3.749969e+00
step=85 loss=2.662393e+00
step=90 loss=2.854988e+00
step=95 loss=3.730654e+00
Training and evaluating model with k=60
step=0 loss=1.647236e+02
step=5 loss=6.795579e+01
step=10 loss=4.593806e+01
step=15 loss=5.318612e+01
step=20 loss=4.269552e+01
step=25 loss=3.529282e+01
step=30 loss=2.020538e+01
step=35 loss=2.247189e+01
step=40 loss=1.502430e+01
step=45 loss=1.374455e+01
step=50 loss=1.041609e+01
step=55 loss=1.606813e+00
step=60 loss=6.671793e+00
step=65 loss=1.679535e+01
step=70 loss=1.669616e+00
step=75 loss=3.358779e+00
step=80 loss=4.142526e+00
step=85 loss=4.427247e+00
step=90 loss=2.566852e+00
step=95 loss=2.591249e+00
Training and evaluating model with k=65
step=0 loss=3.114854e+02
step=5 loss=9.404420e+01
step=10 loss=6.205366e+01
step=15 loss=4.356421e+01
step=20 loss=3.039031e+01
step=25 loss=2.344420e+01
step=30 loss=1.443309e+01
step=35 loss=1.093681e+01
step=40 loss=8.936937e+00
step=45 loss=9.948092e+00
step=50 loss=5.814212e+00
step=55 loss=9.711860e-01
step=60 loss=3.413332e+00
step=65 loss=3.560061e+00
step=70 loss=1.696825e+00
step=75 loss=4.839276e+00
step=80 loss=2.251679e+00
step=85 loss=1.893499e+00
step=90 loss=1.867862e+00
step=95 loss=3.336455e+00
Training and evaluating model with k=70
step=0 loss=9.817736e+02
step=5 loss=2.302950e+02
step=10 loss=1.246011e+02
step=15 loss=1.338590e+02
step=20 loss=8.953808e+01
step=25 loss=2.469771e+01
step=30 loss=2.291553e+01
step=35 loss=2.472060e+01
step=40 loss=2.274456e+01
step=45 loss=1.293721e+01
step=50 loss=1.447348e+01
step=55 loss=1.228603e+00
step=60 loss=1.265190e+01
step=65 loss=9.993654e+00
step=70 loss=3.653940e+00
step=75 loss=7.427918e+00
step=80 loss=6.047163e+00
step=85 loss=6.723118e+00
step=90 loss=4.358032e+00
step=95 loss=2.883721e+00
Training and evaluating model with k=75
step=0 loss=1.485390e+03
step=5 loss=5.245012e+02
step=10 loss=1.575990e+02
step=15 loss=1.091818e+02
step=20 loss=5.121986e+01
step=25 loss=5.741266e+01
step=30 loss=4.694871e+01
step=35 loss=1.972393e+01
step=40 loss=1.392274e+01
step=45 loss=1.003975e+01
step=50 loss=1.030131e+01
step=55 loss=1.552915e+00
step=60 loss=5.453325e+00
step=65 loss=6.046947e+00
step=70 loss=2.082224e+00
step=75 loss=4.530818e+00
step=80 loss=3.848077e+00
step=85 loss=3.530330e+00
step=90 loss=5.336091e+00
step=95 loss=2.803607e+00
Training and evaluating model with k=80
step=0 loss=6.990009e+02
step=5 loss=1.551370e+02
step=10 loss=9.832771e+01
step=15 loss=1.019556e+02
step=20 loss=4.841889e+01
step=25 loss=3.647832e+01
step=30 loss=2.112842e+01
step=35 loss=2.185732e+01
step=40 loss=9.627160e+00
step=45 loss=1.324076e+01
step=50 loss=1.020015e+01
step=55 loss=1.480172e+00
step=60 loss=5.146491e+00
step=65 loss=3.568278e+00
step=70 loss=1.453933e+00
step=75 loss=3.268150e+00
step=80 loss=3.333996e+00
step=85 loss=3.063540e+00
step=90 loss=2.919880e+00
step=95 loss=2.430206e+00
Training and evaluating model with k=85
step=0 loss=1.361471e+02
step=5 loss=5.421569e+01
step=10 loss=2.984755e+01
step=15 loss=2.046927e+01
step=20 loss=1.241117e+01
step=25 loss=7.180073e+00
step=30 loss=8.664084e+00
step=35 loss=6.879567e+00
step=40 loss=5.075445e+00
step=45 loss=3.897556e+00
step=50 loss=7.987521e+00
step=55 loss=6.030025e-01
step=60 loss=2.352862e+00
step=65 loss=1.140644e+01
step=70 loss=6.080751e-01
step=75 loss=1.648684e+00
step=80 loss=1.819788e+00
step=85 loss=1.696842e+00
step=90 loss=1.492505e+00
step=95 loss=7.896233e-01
Training and evaluating model with k=90
step=0 loss=3.641424e+02
step=5 loss=3.023517e+01
step=10 loss=2.947770e+01
step=15 loss=3.665037e+01
step=20 loss=2.516116e+01
step=25 loss=1.116041e+01
step=30 loss=1.734925e+01
step=35 loss=5.862068e+00
step=40 loss=5.066433e+00
step=45 loss=3.522062e+00
step=50 loss=2.143327e+00
step=55 loss=4.429037e-01
step=60 loss=2.088619e+00
step=65 loss=1.702246e+00
step=70 loss=6.410308e-01
step=75 loss=1.400485e+00
step=80 loss=1.674316e+00
step=85 loss=1.329152e+00
step=90 loss=8.102887e-01
step=95 loss=8.371701e-01
Training and evaluating model with k=95
step=0 loss=1.778483e+02
step=5 loss=5.547726e+01
step=10 loss=2.951029e+01
step=15 loss=1.551979e+01
step=20 loss=1.889112e+01
step=25 loss=1.196119e+01
step=30 loss=1.085899e+01
step=35 loss=7.192739e+00
step=40 loss=3.733768e+00
step=45 loss=5.557602e+00
step=50 loss=2.070664e+00
step=55 loss=3.979801e-01
step=60 loss=1.696159e+00
step=65 loss=1.145331e+00
step=70 loss=3.791802e-01
step=75 loss=1.270231e+00
step=80 loss=1.025605e+00
step=85 loss=1.016559e+00
step=90 loss=6.843807e-01
step=95 loss=7.770262e-01
Training and evaluating model with k=100
step=0 loss=6.804450e+01
step=5 loss=2.196302e+01
step=10 loss=1.623237e+01
step=15 loss=1.723451e+01
step=20 loss=1.299246e+01
step=25 loss=8.417303e+00
step=30 loss=5.049965e+00
step=35 loss=4.639934e+00
step=40 loss=3.516918e+00
step=45 loss=4.408444e+00
step=50 loss=2.611111e+00
step=55 loss=5.629619e-01
step=60 loss=1.104210e+00
step=65 loss=1.335927e+00
step=70 loss=7.219174e-01
step=75 loss=9.611042e-01
step=80 loss=1.335075e+00
step=85 loss=1.035923e+00
step=90 loss=7.757780e-01
step=95 loss=8.031129e-01
Starting fold 2
Training and evaluating model with k=10
step=0 loss=6.012697e+03
step=5 loss=2.847180e+03
step=10 loss=1.833416e+03
step=15 loss=1.010598e+03
step=20 loss=7.071059e+02
step=25 loss=8.013976e+02
step=30 loss=5.415431e+02
step=35 loss=2.607033e+02
step=40 loss=3.553398e+02
step=45 loss=2.965165e+02
step=50 loss=2.052782e+02
step=55 loss=3.833345e+01
step=60 loss=9.234867e+01
step=65 loss=1.087695e+02
step=70 loss=2.781271e+01
step=75 loss=5.088060e+01
step=80 loss=7.618694e+01
step=85 loss=5.356716e+01
step=90 loss=3.308376e+01
step=95 loss=3.397555e+01
Training and evaluating model with k=15
step=0 loss=4.579472e+03
step=5 loss=2.013758e+03
step=10 loss=9.612550e+02
step=15 loss=5.053223e+02
step=20 loss=6.609274e+02
step=25 loss=4.597100e+02
step=30 loss=3.337264e+02
step=35 loss=2.447217e+02
step=40 loss=1.865254e+02
step=45 loss=2.488571e+02
step=50 loss=2.134905e+02
step=55 loss=3.732510e+01
step=60 loss=1.546571e+02
step=65 loss=1.965022e+02
step=70 loss=4.627043e+01
step=75 loss=1.509076e+02
step=80 loss=1.579087e+02
step=85 loss=1.178931e+02
step=90 loss=1.315576e+02
step=95 loss=1.167848e+02
Training and evaluating model with k=20
step=0 loss=1.560668e+03
step=5 loss=7.256690e+02
step=10 loss=3.657170e+02
step=15 loss=2.847737e+02
step=20 loss=2.953590e+02
step=25 loss=1.380324e+02
step=30 loss=1.316347e+02
step=35 loss=1.331378e+02
step=40 loss=9.756519e+01
step=45 loss=1.303400e+02
step=50 loss=7.658222e+01
step=55 loss=2.183940e+01
step=60 loss=3.237041e+01
step=65 loss=5.067358e+01
step=70 loss=8.687634e+00
step=75 loss=2.705107e+01
step=80 loss=2.253972e+01
step=85 loss=1.593120e+01
step=90 loss=2.399102e+01
step=95 loss=1.570618e+01
Training and evaluating model with k=25
step=0 loss=1.664897e+02
step=5 loss=9.340127e+01
step=10 loss=9.099953e+01
step=15 loss=3.819466e+01
step=20 loss=8.448808e+01
step=25 loss=1.288037e+02
step=30 loss=4.547698e+01
step=35 loss=5.532890e+01
step=40 loss=2.064562e+01
step=45 loss=3.869239e+01
step=50 loss=4.008913e+01
step=55 loss=3.388845e+00
step=60 loss=1.545938e+01
step=65 loss=4.361617e+01
step=70 loss=3.414412e+00
step=75 loss=1.281299e+01
step=80 loss=6.292483e+00
step=85 loss=2.448196e+01
step=90 loss=6.630907e+00
step=95 loss=9.459204e+00
Training and evaluating model with k=30
step=0 loss=3.889111e+03
step=5 loss=1.671782e+03
step=10 loss=6.136736e+02
step=15 loss=3.362169e+02
step=20 loss=8.806000e+01
step=25 loss=1.194934e+02
step=30 loss=1.021945e+02
step=35 loss=8.655868e+01
step=40 loss=9.694668e+01
step=45 loss=1.035666e+02
step=50 loss=6.911342e+01
step=55 loss=1.164352e+01
step=60 loss=3.675807e+01
step=65 loss=3.570607e+01
step=70 loss=1.229348e+01
step=75 loss=3.034219e+01
step=80 loss=2.229164e+01
step=85 loss=1.975772e+01
step=90 loss=3.609762e+01
step=95 loss=2.153174e+01
Training and evaluating model with k=35
step=0 loss=9.973228e+02
step=5 loss=1.212975e+02
step=10 loss=1.273384e+02
step=15 loss=9.526994e+01
step=20 loss=6.767818e+01
step=25 loss=6.165872e+01
step=30 loss=4.604758e+01
step=35 loss=3.123869e+01
step=40 loss=2.086694e+01
step=45 loss=1.096286e+01
step=50 loss=1.398594e+01
step=55 loss=2.427650e+00
step=60 loss=1.132396e+01
step=65 loss=1.005392e+01
step=70 loss=4.588590e+00
step=75 loss=6.597969e+00
step=80 loss=5.666791e+00
step=85 loss=9.610756e+00
step=90 loss=6.032396e+00
step=95 loss=6.056313e+00
Training and evaluating model with k=40
step=0 loss=2.336975e+02
step=5 loss=1.394411e+02
step=10 loss=1.056724e+02
step=15 loss=5.628743e+01
step=20 loss=7.008817e+01
step=25 loss=5.021353e+01
step=30 loss=5.975101e+01
step=35 loss=2.818153e+01
step=40 loss=2.430649e+01
step=45 loss=1.410222e+01
step=50 loss=2.275116e+01
step=55 loss=2.155934e+00
step=60 loss=1.098358e+01
step=65 loss=8.580557e+00
step=70 loss=6.282112e+00
step=75 loss=5.118693e+00
step=80 loss=7.013019e+00
step=85 loss=6.766075e+00
step=90 loss=4.840401e+00
step=95 loss=7.268563e+00
Training and evaluating model with k=45
step=0 loss=6.541622e+02
step=5 loss=2.822551e+02
step=10 loss=1.333703e+02
step=15 loss=1.081518e+02
step=20 loss=5.856389e+01
step=25 loss=7.288182e+01
step=30 loss=6.064708e+01
step=35 loss=2.808275e+01
step=40 loss=3.506517e+01
step=45 loss=3.068698e+01
step=50 loss=2.942171e+01
step=55 loss=3.910558e+00
step=60 loss=1.409318e+01
step=65 loss=1.448099e+01
step=70 loss=4.810242e+00
step=75 loss=1.155173e+01
step=80 loss=6.436544e+00
step=85 loss=1.015513e+01
step=90 loss=7.416924e+00
step=95 loss=5.382367e+00
Training and evaluating model with k=50
step=0 loss=1.176551e+02
step=5 loss=1.005152e+02
step=10 loss=5.049581e+01
step=15 loss=5.582708e+01
step=20 loss=3.128868e+01
step=25 loss=2.172331e+01
step=30 loss=1.886584e+01
step=35 loss=2.275293e+01
step=40 loss=1.396521e+01
step=45 loss=1.704318e+01
step=50 loss=8.374823e+00
step=55 loss=1.537558e+00
step=60 loss=8.401004e+00
step=65 loss=1.294921e+01
step=70 loss=2.229061e+00
step=75 loss=5.566887e+00
step=80 loss=5.473959e+00
step=85 loss=8.933003e+00
step=90 loss=5.190432e+00
step=95 loss=1.010819e+01
Training and evaluating model with k=55
step=0 loss=1.781741e+02
step=5 loss=1.068134e+02
step=10 loss=8.010023e+01
step=15 loss=4.319827e+01
step=20 loss=2.483205e+01
step=25 loss=1.405888e+01
step=30 loss=1.661098e+01
step=35 loss=1.254384e+01
step=40 loss=1.280021e+01
step=45 loss=8.834319e+00
step=50 loss=1.286393e+01
step=55 loss=6.557165e-01
step=60 loss=5.253870e+00
step=65 loss=3.887696e+00
step=70 loss=2.592423e+00
step=75 loss=5.139551e+00
step=80 loss=4.654419e+00
step=85 loss=3.197003e+00
step=90 loss=5.172463e+00
step=95 loss=2.501022e+00
Training and evaluating model with k=60
step=0 loss=6.675668e+01
step=5 loss=5.332796e+01
step=10 loss=5.225705e+01
step=15 loss=2.987862e+01
step=20 loss=2.699023e+01
step=25 loss=2.950793e+01
step=30 loss=2.520174e+01
step=35 loss=1.447849e+01
step=40 loss=1.283723e+01
step=45 loss=7.861569e+00
step=50 loss=4.491612e+00
step=55 loss=1.324184e+00
step=60 loss=4.545213e+00
step=65 loss=6.439538e+00
step=70 loss=1.393797e+00
step=75 loss=2.872358e+00
step=80 loss=2.951996e+00
step=85 loss=1.963307e+00
step=90 loss=1.620836e+00
step=95 loss=1.389855e+00
Training and evaluating model with k=65
step=0 loss=2.612059e+02
step=5 loss=1.313720e+02
step=10 loss=1.256283e+02
step=15 loss=4.916655e+01
step=20 loss=4.970526e+01
step=25 loss=4.423928e+01
step=30 loss=2.538611e+01
step=35 loss=1.637393e+01
step=40 loss=2.283233e+01
step=45 loss=1.472107e+01
step=50 loss=1.401125e+01
step=55 loss=1.570186e+00
step=60 loss=6.218302e+00
step=65 loss=9.920260e+00
step=70 loss=2.755623e+00
step=75 loss=6.130378e+00
step=80 loss=5.071290e+00
step=85 loss=6.526602e+00
step=90 loss=6.219632e+00
step=95 loss=2.659567e+00
Training and evaluating model with k=70
step=0 loss=1.128874e+03
step=5 loss=3.207507e+02
step=10 loss=1.380241e+02
step=15 loss=1.114669e+02
step=20 loss=5.431320e+01
step=25 loss=2.872318e+01
step=30 loss=2.548267e+01
step=35 loss=2.427751e+01
step=40 loss=2.428653e+01
step=45 loss=2.207226e+01
step=50 loss=1.151497e+01
step=55 loss=1.727445e+00
step=60 loss=7.528346e+00
step=65 loss=7.115108e+00
step=70 loss=2.523353e+00
step=75 loss=5.603971e+00
step=80 loss=4.438324e+00
step=85 loss=2.977413e+00
step=90 loss=2.819373e+00
step=95 loss=2.957394e+00
Training and evaluating model with k=75
step=0 loss=1.624354e+03
step=5 loss=6.150562e+02
step=10 loss=1.755844e+02
step=15 loss=7.025990e+01
step=20 loss=4.472946e+01
step=25 loss=6.021425e+01
step=30 loss=4.200096e+01
step=35 loss=3.574146e+01
step=40 loss=2.476309e+01
step=45 loss=1.764044e+01
step=50 loss=1.230945e+01
step=55 loss=1.790340e+00
step=60 loss=7.692443e+00
step=65 loss=8.882538e+00
step=70 loss=2.029517e+00
step=75 loss=4.958172e+00
step=80 loss=8.110269e+00
step=85 loss=7.621227e+00
step=90 loss=4.846139e+00
step=95 loss=4.765807e+00
Training and evaluating model with k=80
step=0 loss=1.117133e+02
step=5 loss=5.828251e+01
step=10 loss=3.844941e+01
step=15 loss=2.070090e+01
step=20 loss=1.444044e+01
step=25 loss=1.793162e+01
step=30 loss=5.706159e+00
step=35 loss=1.526848e+01
step=40 loss=9.475007e+00
step=45 loss=6.672544e+00
step=50 loss=5.134964e+00
step=55 loss=5.308434e-01
step=60 loss=3.338092e+00
step=65 loss=7.045892e+00
step=70 loss=1.841683e+00
step=75 loss=1.742626e+00
step=80 loss=2.067225e+00
step=85 loss=1.144332e+00
step=90 loss=1.177181e+00
step=95 loss=1.019454e+00
Training and evaluating model with k=85
step=0 loss=5.242662e+02
step=5 loss=9.030409e+01
step=10 loss=7.054094e+01
step=15 loss=3.423281e+01
step=20 loss=2.441473e+01
step=25 loss=2.958791e+01
step=30 loss=1.245934e+01
step=35 loss=9.651082e+00
step=40 loss=9.679966e+00
step=45 loss=4.633225e+00
step=50 loss=4.678181e+00
step=55 loss=7.406059e-01
step=60 loss=2.535374e+00
step=65 loss=3.846344e+00
step=70 loss=8.208371e-01
step=75 loss=2.567624e+00
step=80 loss=2.641167e+00
step=85 loss=1.755093e+00
step=90 loss=1.368860e+00
step=95 loss=2.249749e+00
Training and evaluating model with k=90
step=0 loss=5.429606e+02
step=5 loss=1.237988e+02
step=10 loss=8.528926e+01
step=15 loss=3.926579e+01
step=20 loss=2.306247e+01
step=25 loss=1.633746e+01
step=30 loss=1.598738e+01
step=35 loss=2.506005e+01
step=40 loss=8.269143e+00
step=45 loss=8.520232e+00
step=50 loss=5.222374e+00
step=55 loss=5.453569e-01
step=60 loss=2.848505e+00
step=65 loss=3.997964e+00
step=70 loss=9.123608e-01
step=75 loss=2.247116e+00
step=80 loss=2.005008e+00
step=85 loss=1.824275e+00
step=90 loss=1.340360e+00
step=95 loss=3.260683e+00
Training and evaluating model with k=95
step=0 loss=1.016666e+03
step=5 loss=2.961456e+02
step=10 loss=5.309271e+01
step=15 loss=4.149437e+01
step=20 loss=4.068267e+01
step=25 loss=3.036463e+01
step=30 loss=2.595868e+01
step=35 loss=1.506656e+01
step=40 loss=2.523763e+01
step=45 loss=9.115319e+00
step=50 loss=9.788873e+00
step=55 loss=1.641606e+00
step=60 loss=6.838042e+00
step=65 loss=5.294841e+00
step=70 loss=1.790146e+00
step=75 loss=3.075996e+00
step=80 loss=2.861388e+00
step=85 loss=2.376921e+00
step=90 loss=2.088608e+00
step=95 loss=2.417732e+00
Training and evaluating model with k=100
step=0 loss=5.143691e+02
step=5 loss=7.897198e+01
step=10 loss=4.609356e+01
step=15 loss=3.071947e+01
step=20 loss=1.870850e+01
step=25 loss=1.608668e+01
step=30 loss=7.439166e+00
step=35 loss=7.841056e+00
step=40 loss=1.041901e+01
step=45 loss=3.799023e+00
step=50 loss=3.753256e+00
step=55 loss=9.907130e-01
step=60 loss=2.675134e+00
step=65 loss=1.997076e+00
step=70 loss=6.190680e-01
step=75 loss=1.496161e+00
step=80 loss=2.052435e+00
step=85 loss=1.205312e+00
step=90 loss=7.923687e-01
step=95 loss=8.923196e-01
Starting fold 3
Training and evaluating model with k=10
step=0 loss=2.873021e+03
step=5 loss=5.048452e+02
step=10 loss=3.068944e+02
step=15 loss=1.957882e+02
step=20 loss=3.208223e+02
step=25 loss=2.517354e+02
step=30 loss=1.992971e+02
step=35 loss=1.566394e+02
step=40 loss=8.706789e+01
step=45 loss=1.217546e+02
step=50 loss=6.063206e+01
step=55 loss=1.785597e+01
step=60 loss=6.665115e+01
step=65 loss=5.874795e+01
step=70 loss=1.137032e+01
step=75 loss=3.148409e+01
step=80 loss=4.101501e+01
step=85 loss=3.939793e+01
step=90 loss=2.622798e+01
step=95 loss=2.728085e+01
Training and evaluating model with k=15
step=0 loss=2.259948e+03
step=5 loss=4.172057e+02
step=10 loss=5.702040e+02
step=15 loss=2.061571e+02
step=20 loss=3.031475e+02
step=25 loss=3.247366e+02
step=30 loss=2.147151e+02
step=35 loss=8.650523e+01
step=40 loss=1.416656e+02
step=45 loss=1.218414e+02
step=50 loss=1.467031e+02
step=55 loss=2.386790e+01
step=60 loss=9.791062e+01
step=65 loss=9.981634e+01
step=70 loss=2.873692e+01
step=75 loss=1.104711e+02
step=80 loss=5.459519e+01
step=85 loss=4.828626e+01
step=90 loss=5.973559e+01
step=95 loss=3.965781e+01
Training and evaluating model with k=20
step=0 loss=4.450225e+03
step=5 loss=1.688546e+03
step=10 loss=5.626036e+02
step=15 loss=3.588914e+02
step=20 loss=2.239193e+02
step=25 loss=2.350461e+02
step=30 loss=2.189460e+02
step=35 loss=9.340833e+01
step=40 loss=6.829691e+01
step=45 loss=4.359002e+01
step=50 loss=6.415092e+01
step=55 loss=9.861801e+00
step=60 loss=2.842961e+01
step=65 loss=4.875697e+01
step=70 loss=1.020375e+01
step=75 loss=2.086163e+01
step=80 loss=1.683843e+01
step=85 loss=1.193547e+01
step=90 loss=1.122894e+01
step=95 loss=1.046505e+01
Training and evaluating model with k=25
step=0 loss=5.421860e+02
step=5 loss=2.332602e+02
step=10 loss=1.161292e+02
step=15 loss=6.906151e+01
step=20 loss=1.079331e+02
step=25 loss=6.645646e+01
step=30 loss=6.991156e+01
step=35 loss=3.281979e+01
step=40 loss=3.712743e+01
step=45 loss=6.926053e+01
step=50 loss=2.390222e+01
step=55 loss=3.397585e+00
step=60 loss=2.995020e+01
step=65 loss=2.121805e+01
step=70 loss=6.569488e+00
step=75 loss=6.692612e+00
step=80 loss=1.345212e+01
step=85 loss=7.933266e+00
step=90 loss=8.417480e+00
step=95 loss=6.780311e+00
Training and evaluating model with k=30
step=0 loss=1.227841e+03
step=5 loss=4.224869e+02
step=10 loss=2.571122e+02
step=15 loss=2.756565e+02
step=20 loss=1.612961e+02
step=25 loss=1.771733e+02
step=30 loss=1.229549e+02
step=35 loss=6.414176e+01
step=40 loss=7.718851e+01
step=45 loss=5.526796e+01
step=50 loss=3.673997e+01
step=55 loss=7.092244e+00
step=60 loss=4.782634e+01
step=65 loss=3.901301e+01
step=70 loss=7.801800e+00
step=75 loss=4.011797e+01
step=80 loss=2.031725e+01
step=85 loss=2.084642e+01
step=90 loss=9.051220e+00
step=95 loss=1.272783e+01
Training and evaluating model with k=35
step=0 loss=2.570752e+03
step=5 loss=6.050326e+02
step=10 loss=1.938680e+02
step=15 loss=2.157935e+02
step=20 loss=2.265230e+02
step=25 loss=1.288223e+02
step=30 loss=1.266100e+02
step=35 loss=1.026448e+02
step=40 loss=5.473329e+01
step=45 loss=5.627527e+01
step=50 loss=3.661475e+01
step=55 loss=8.267328e+00
step=60 loss=3.180486e+01
step=65 loss=2.311560e+01
step=70 loss=8.052628e+00
step=75 loss=2.319004e+01
step=80 loss=2.043164e+01
step=85 loss=1.511396e+01
step=90 loss=1.785026e+01
step=95 loss=1.326226e+01
Training and evaluating model with k=40
step=0 loss=1.021026e+03
step=5 loss=2.976227e+02
step=10 loss=2.619413e+02
step=15 loss=1.444903e+02
step=20 loss=6.576034e+01
step=25 loss=4.181293e+01
step=30 loss=3.136625e+01
step=35 loss=2.900368e+01
step=40 loss=3.054611e+01
step=45 loss=5.089892e+01
step=50 loss=2.166456e+01
step=55 loss=4.019391e+00
step=60 loss=1.916220e+01
step=65 loss=1.587498e+01
step=70 loss=3.773413e+00
step=75 loss=9.566831e+00
step=80 loss=1.115209e+01
step=85 loss=7.721065e+00
step=90 loss=5.481193e+00
step=95 loss=6.958897e+00
Training and evaluating model with k=45
step=0 loss=1.828693e+03
step=5 loss=7.745110e+02
step=10 loss=2.612482e+02
step=15 loss=1.631134e+02
step=20 loss=7.353883e+01
step=25 loss=4.933993e+01
step=30 loss=4.461529e+01
step=35 loss=4.449452e+01
step=40 loss=5.876376e+01
step=45 loss=3.216380e+01
step=50 loss=3.437141e+01
step=55 loss=3.726555e+00
step=60 loss=2.058060e+01
step=65 loss=9.225899e+00
step=70 loss=4.765106e+00
step=75 loss=1.242196e+01
step=80 loss=9.686201e+00
step=85 loss=1.540532e+01
step=90 loss=4.452127e+00
step=95 loss=4.718312e+00
Training and evaluating model with k=50
step=0 loss=2.380452e+02
step=5 loss=1.777971e+02
step=10 loss=1.061293e+02
step=15 loss=9.520699e+01
step=20 loss=5.115459e+01
step=25 loss=3.561082e+01
step=30 loss=5.483229e+01
step=35 loss=3.108044e+01
step=40 loss=3.862683e+01
step=45 loss=1.439156e+01
step=50 loss=1.245640e+01
step=55 loss=1.827219e+00
step=60 loss=7.652512e+00
step=65 loss=8.151790e+00
step=70 loss=3.327322e+00
step=75 loss=7.017691e+00
step=80 loss=6.625284e+00
step=85 loss=8.769325e+00
step=90 loss=6.978729e+00
step=95 loss=6.030244e+00
Training and evaluating model with k=55
step=0 loss=2.106036e+03
step=5 loss=5.969645e+02
step=10 loss=1.702055e+02
step=15 loss=6.346461e+01
step=20 loss=5.006634e+01
step=25 loss=4.801953e+01
step=30 loss=6.181616e+01
step=35 loss=2.441734e+01
step=40 loss=2.196712e+01
step=45 loss=1.798721e+01
step=50 loss=1.550754e+01
step=55 loss=2.521729e+00
step=60 loss=1.055537e+01
step=65 loss=7.372628e+00
step=70 loss=2.333242e+00
step=75 loss=4.546422e+00
step=80 loss=6.669686e+00
step=85 loss=7.503057e+00
step=90 loss=5.712149e+00
step=95 loss=4.265991e+00
Training and evaluating model with k=60
step=0 loss=2.864420e+02
step=5 loss=1.041140e+02
step=10 loss=1.156759e+02
step=15 loss=5.756045e+01
step=20 loss=3.441407e+01
step=25 loss=3.959983e+01
step=30 loss=2.682532e+01
step=35 loss=1.414331e+01
step=40 loss=1.578166e+01
step=45 loss=2.216607e+01
step=50 loss=1.118069e+01
step=55 loss=1.346678e+00
step=60 loss=6.551805e+00
step=65 loss=5.589547e+00
step=70 loss=1.774515e+00
step=75 loss=4.736535e+00
step=80 loss=5.794647e+00
step=85 loss=3.013745e+00
step=90 loss=3.058701e+00
step=95 loss=2.117984e+00
Training and evaluating model with k=65
step=0 loss=1.238769e+03
step=5 loss=4.108443e+02
step=10 loss=1.268566e+02
step=15 loss=7.138805e+01
step=20 loss=7.584661e+01
step=25 loss=3.420929e+01
step=30 loss=3.256197e+01
step=35 loss=1.623945e+01
step=40 loss=2.342154e+01
step=45 loss=1.293507e+01
step=50 loss=1.050186e+01
step=55 loss=1.365343e+00
step=60 loss=5.958769e+00
step=65 loss=5.038357e+00
step=70 loss=1.482327e+00
step=75 loss=3.190763e+00
step=80 loss=3.416959e+00
step=85 loss=3.855990e+00
step=90 loss=2.676166e+00
step=95 loss=3.242525e+00
Training and evaluating model with k=70
step=0 loss=1.150923e+02
step=5 loss=8.161176e+01
step=10 loss=3.793359e+01
step=15 loss=3.234653e+01
step=20 loss=1.489166e+01
step=25 loss=7.003982e+01
step=30 loss=9.416846e+00
step=35 loss=1.538628e+01
step=40 loss=1.364252e+01
step=45 loss=1.753710e+01
step=50 loss=1.473405e+01
step=55 loss=8.862626e-01
step=60 loss=3.055423e+00
step=65 loss=4.562135e+00
step=70 loss=1.368167e+00
step=75 loss=2.755388e+00
step=80 loss=3.191566e+00
step=85 loss=2.371213e+00
step=90 loss=1.383191e+00
step=95 loss=1.905605e+00
Training and evaluating model with k=75
step=0 loss=8.609209e+02
step=5 loss=1.842719e+02
step=10 loss=6.741165e+01
step=15 loss=4.673838e+01
step=20 loss=3.848943e+01
step=25 loss=4.561748e+01
step=30 loss=2.335829e+01
step=35 loss=1.937454e+01
step=40 loss=1.983071e+01
step=45 loss=1.082216e+01
step=50 loss=9.647825e+00
step=55 loss=1.418421e+00
step=60 loss=5.078785e+00
step=65 loss=3.241810e+00
step=70 loss=1.391352e+00
step=75 loss=3.490880e+00
step=80 loss=2.489547e+00
step=85 loss=2.534646e+00
step=90 loss=1.850134e+00
step=95 loss=2.358680e+00
Training and evaluating model with k=80
step=0 loss=3.907385e+02
step=5 loss=1.045481e+02
step=10 loss=8.675497e+01
step=15 loss=3.066133e+01
step=20 loss=3.657322e+01
step=25 loss=4.448579e+01
step=30 loss=1.549340e+01
step=35 loss=1.723976e+01
step=40 loss=9.840658e+00
step=45 loss=1.229377e+01
step=50 loss=5.424623e+00
step=55 loss=1.010372e+00
step=60 loss=2.836476e+00
step=65 loss=3.900096e+00
step=70 loss=1.441199e+00
step=75 loss=3.538185e+00
step=80 loss=2.447623e+00
step=85 loss=1.948974e+00
step=90 loss=1.694272e+00
step=95 loss=2.248609e+00
Training and evaluating model with k=85
step=0 loss=7.259112e+02
step=5 loss=1.792815e+02
step=10 loss=4.961024e+01
step=15 loss=3.821643e+01
step=20 loss=2.623788e+01
step=25 loss=1.446273e+01
step=30 loss=1.197364e+01
step=35 loss=1.131494e+01
step=40 loss=6.735250e+00
step=45 loss=8.743175e+00
step=50 loss=5.165884e+00
step=55 loss=9.513304e-01
step=60 loss=3.775353e+00
step=65 loss=4.007788e+00
step=70 loss=1.252704e+00
step=75 loss=1.902931e+00
step=80 loss=2.505270e+00
step=85 loss=2.644132e+00
step=90 loss=1.626014e+00
step=95 loss=1.935246e+00
Training and evaluating model with k=90
step=0 loss=3.526014e+01
step=5 loss=2.235860e+01
step=10 loss=2.920435e+01
step=15 loss=2.423878e+01
step=20 loss=9.717240e+00
step=25 loss=1.351816e+01
step=30 loss=6.319816e+00
step=35 loss=8.332470e+00
step=40 loss=2.242789e+00
step=45 loss=3.088282e+00
step=50 loss=2.506612e+00
step=55 loss=2.583937e-01
step=60 loss=1.068639e+00
step=65 loss=1.648827e+00
step=70 loss=3.817341e-01
step=75 loss=1.858605e+00
step=80 loss=1.739891e+00
step=85 loss=7.516802e-01
step=90 loss=5.186950e-01
step=95 loss=5.543689e-01
Training and evaluating model with k=95
step=0 loss=7.877525e+01
step=5 loss=3.092299e+01
step=10 loss=2.451512e+01
step=15 loss=1.998299e+01
step=20 loss=1.116617e+01
step=25 loss=1.170311e+01
step=30 loss=7.839764e+00
step=35 loss=5.747910e+00
step=40 loss=5.205034e+00
step=45 loss=5.901194e+00
step=50 loss=4.235286e+00
step=55 loss=2.609451e-01
step=60 loss=2.124441e+00
step=65 loss=2.029730e+00
step=70 loss=5.354033e-01
step=75 loss=1.815991e+00
step=80 loss=1.573960e+00
step=85 loss=1.002269e+00
step=90 loss=9.738524e-01
step=95 loss=1.262115e+00
Training and evaluating model with k=100
step=0 loss=4.455990e+02
step=5 loss=7.238073e+01
step=10 loss=5.032068e+01
step=15 loss=3.092941e+01
step=20 loss=1.737032e+01
step=25 loss=1.394302e+01
step=30 loss=1.423792e+01
step=35 loss=6.030263e+00
step=40 loss=1.112097e+01
step=45 loss=6.116177e+00
step=50 loss=4.075957e+00
step=55 loss=7.171376e-01
step=60 loss=4.029784e+00
step=65 loss=1.919018e+00
step=70 loss=1.192949e+00
step=75 loss=2.230927e+00
step=80 loss=1.743345e+00
step=85 loss=2.398682e+00
step=90 loss=7.631788e-01
step=95 loss=1.199880e+00
Starting fold 4
Training and evaluating model with k=10
step=0 loss=1.509432e+03
step=5 loss=3.666362e+02
step=10 loss=2.691742e+02
step=15 loss=1.227378e+02
step=20 loss=1.060070e+02
step=25 loss=1.594957e+02
step=30 loss=1.394942e+02
step=35 loss=6.554504e+01
step=40 loss=1.011492e+02
step=45 loss=5.844831e+01
step=50 loss=5.444464e+01
step=55 loss=5.785375e+01
step=60 loss=4.398994e+01
step=65 loss=3.155588e+01
step=70 loss=2.207156e+01
step=75 loss=2.351673e+01
step=80 loss=2.835913e+01
step=85 loss=1.326059e+01
step=90 loss=1.974601e+01
step=95 loss=1.622476e+01
Training and evaluating model with k=15
step=0 loss=5.718720e+03
step=5 loss=2.614779e+03
step=10 loss=1.692611e+03
step=15 loss=1.011627e+03
step=20 loss=7.311854e+02
step=25 loss=3.175214e+02
step=30 loss=2.325480e+02
step=35 loss=1.857872e+02
step=40 loss=1.020611e+02
step=45 loss=9.225872e+01
step=50 loss=1.112621e+02
step=55 loss=7.999664e+01
step=60 loss=8.149287e+01
step=65 loss=5.407612e+01
step=70 loss=5.864997e+01
step=75 loss=5.251894e+01
step=80 loss=5.060353e+01
step=85 loss=5.402621e+01
step=90 loss=4.988910e+01
step=95 loss=3.323032e+01
Training and evaluating model with k=20
step=0 loss=2.276020e+02
step=5 loss=8.817763e+01
step=10 loss=6.703585e+01
step=15 loss=1.038914e+02
step=20 loss=1.290350e+02
step=25 loss=4.008632e+01
step=30 loss=1.306943e+02
step=35 loss=3.123015e+01
step=40 loss=3.545865e+01
step=45 loss=4.516774e+01
step=50 loss=1.929488e+01
step=55 loss=3.075046e+01
step=60 loss=9.847310e+00
step=65 loss=1.826008e+01
step=70 loss=1.065693e+01
step=75 loss=1.188312e+01
step=80 loss=9.886649e+00
step=85 loss=9.870441e+00
step=90 loss=7.390626e+00
step=95 loss=6.889038e+00
Training and evaluating model with k=25
step=0 loss=1.052489e+03
step=5 loss=2.387560e+02
step=10 loss=3.599821e+02
step=15 loss=2.936594e+02
step=20 loss=1.211547e+02
step=25 loss=1.103486e+02
step=30 loss=8.440678e+01
step=35 loss=1.290412e+02
step=40 loss=7.859160e+01
step=45 loss=7.303024e+01
step=50 loss=7.082950e+01
step=55 loss=4.939120e+01
step=60 loss=4.421665e+01
step=65 loss=3.844498e+01
step=70 loss=3.454990e+01
step=75 loss=2.998646e+01
step=80 loss=3.458632e+01
step=85 loss=2.164453e+01
step=90 loss=2.284880e+01
step=95 loss=1.409799e+01
Training and evaluating model with k=30
step=0 loss=1.234842e+03
step=5 loss=3.002415e+02
step=10 loss=1.338122e+02
step=15 loss=1.423224e+02
step=20 loss=8.593510e+01
step=25 loss=1.082895e+02
step=30 loss=1.043484e+02
step=35 loss=6.788699e+01
step=40 loss=1.003855e+02
step=45 loss=5.573757e+01
step=50 loss=4.588837e+01
step=55 loss=2.677181e+01
step=60 loss=3.873522e+01
step=65 loss=2.649244e+01
step=70 loss=1.950715e+01
step=75 loss=1.568958e+01
step=80 loss=1.191507e+01
step=85 loss=1.096568e+01
step=90 loss=1.216064e+01
step=95 loss=1.138331e+01
Training and evaluating model with k=35
step=0 loss=5.617527e+02
step=5 loss=1.905794e+02
step=10 loss=2.028616e+02
step=15 loss=1.769139e+02
step=20 loss=1.212170e+02
step=25 loss=7.623771e+01
step=30 loss=1.219131e+02
step=35 loss=4.562498e+01
step=40 loss=4.777217e+01
step=45 loss=2.030799e+01
step=50 loss=1.749787e+01
step=55 loss=1.885279e+01
step=60 loss=2.017284e+01
step=65 loss=1.634526e+01
step=70 loss=9.958142e+00
step=75 loss=9.082922e+00
step=80 loss=6.574063e+00
step=85 loss=7.004677e+00
step=90 loss=4.396455e+00
step=95 loss=5.836737e+00
Training and evaluating model with k=40
step=0 loss=1.095060e+03
step=5 loss=2.755423e+02
step=10 loss=2.564378e+02
step=15 loss=1.120067e+02
step=20 loss=1.313085e+02
step=25 loss=3.924142e+01
step=30 loss=5.096492e+01
step=35 loss=3.547279e+01
step=40 loss=3.931402e+01
step=45 loss=2.885240e+01
step=50 loss=2.328323e+01
step=55 loss=3.036493e+01
step=60 loss=1.600334e+01
step=65 loss=1.501267e+01
step=70 loss=9.596715e+00
step=75 loss=8.149167e+00
step=80 loss=9.898647e+00
step=85 loss=8.936958e+00
step=90 loss=1.870273e+01
step=95 loss=1.473103e+01
Training and evaluating model with k=45
step=0 loss=1.384684e+03
step=5 loss=3.511102e+02
step=10 loss=1.760910e+02
step=15 loss=1.299255e+02
step=20 loss=1.121173e+02
step=25 loss=7.568214e+01
step=30 loss=9.962549e+01
step=35 loss=3.262314e+01
step=40 loss=4.465214e+01
step=45 loss=2.962366e+01
step=50 loss=2.370947e+01
step=55 loss=2.077536e+01
step=60 loss=1.825086e+01
step=65 loss=1.103542e+01
step=70 loss=8.339242e+00
step=75 loss=5.745445e+00
step=80 loss=9.454948e+00
step=85 loss=5.668150e+00
step=90 loss=4.150110e+00
step=95 loss=4.461124e+00
Training and evaluating model with k=50
step=0 loss=3.258714e+02
step=5 loss=1.216991e+02
step=10 loss=1.030772e+02
step=15 loss=5.137571e+01
step=20 loss=7.512051e+01
step=25 loss=1.884918e+01
step=30 loss=2.458182e+01
step=35 loss=2.338706e+01
step=40 loss=2.002671e+01
step=45 loss=1.284183e+01
step=50 loss=1.455077e+01
step=55 loss=1.350754e+01
step=60 loss=1.245260e+01
step=65 loss=1.010610e+01
step=70 loss=1.036826e+01
step=75 loss=5.511369e+00
step=80 loss=4.412618e+00
step=85 loss=4.811569e+00
step=90 loss=3.957438e+00
step=95 loss=4.306681e+00
Training and evaluating model with k=55
step=0 loss=1.375670e+03
step=5 loss=3.442524e+02
step=10 loss=1.698369e+02
step=15 loss=7.045285e+01
step=20 loss=6.566028e+01
step=25 loss=4.303617e+01
step=30 loss=4.149767e+01
step=35 loss=1.945582e+01
step=40 loss=1.773051e+01
step=45 loss=1.416658e+01
step=50 loss=1.268214e+01
step=55 loss=7.727771e+00
step=60 loss=6.311674e+00
step=65 loss=8.113321e+00
step=70 loss=4.724534e+00
step=75 loss=4.736402e+00
step=80 loss=7.413259e+00
step=85 loss=3.829721e+00
step=90 loss=3.538224e+00
step=95 loss=4.174411e+00
Training and evaluating model with k=60
step=0 loss=8.692264e+01
step=5 loss=3.548410e+01
step=10 loss=5.905875e+01
step=15 loss=1.757652e+01
step=20 loss=1.381361e+01
step=25 loss=2.583783e+01
step=30 loss=1.062807e+01
step=35 loss=6.546982e+00
step=40 loss=1.311393e+01
step=45 loss=7.144083e+00
step=50 loss=6.100893e+00
step=55 loss=3.932187e+00
step=60 loss=4.354242e+00
step=65 loss=5.281337e+00
step=70 loss=2.655584e+00
step=75 loss=5.408211e+00
step=80 loss=2.163990e+00
step=85 loss=2.431036e+00
step=90 loss=1.433850e+00
step=95 loss=1.465551e+00
Training and evaluating model with k=65
step=0 loss=9.479119e+02
step=5 loss=2.769234e+02
step=10 loss=1.491837e+02
step=15 loss=1.114994e+02
step=20 loss=4.022377e+01
step=25 loss=4.481500e+01
step=30 loss=1.812932e+01
step=35 loss=1.211466e+01
step=40 loss=2.097857e+01
step=45 loss=2.206659e+01
step=50 loss=1.118299e+01
step=55 loss=8.247077e+00
step=60 loss=5.747110e+00
step=65 loss=5.427491e+00
step=70 loss=1.200513e+01
step=75 loss=5.068748e+00
step=80 loss=5.499448e+00
step=85 loss=3.728822e+00
step=90 loss=2.511945e+00
step=95 loss=3.512745e+00
Training and evaluating model with k=70
step=0 loss=9.543179e+01
step=5 loss=8.739995e+01
step=10 loss=4.857963e+01
step=15 loss=5.693398e+01
step=20 loss=3.273408e+01
step=25 loss=2.765701e+01
step=30 loss=2.762402e+01
step=35 loss=1.394343e+01
step=40 loss=1.602836e+01
step=45 loss=1.320311e+01
step=50 loss=8.513295e+00
step=55 loss=1.307441e+01
step=60 loss=9.249155e+00
step=65 loss=5.065684e+00
step=70 loss=6.773382e+00
step=75 loss=4.297122e+00
step=80 loss=4.749182e+00
step=85 loss=2.884621e+00
step=90 loss=3.061387e+00
step=95 loss=2.035648e+00
Training and evaluating model with k=75
step=0 loss=1.166147e+03
step=5 loss=3.378320e+02
step=10 loss=1.163070e+02
step=15 loss=7.858980e+01
step=20 loss=3.716759e+01
step=25 loss=3.090427e+01
step=30 loss=2.882179e+01
step=35 loss=3.078518e+01
step=40 loss=1.610763e+01
step=45 loss=1.385631e+01
step=50 loss=9.884726e+00
step=55 loss=9.142945e+00
step=60 loss=6.734797e+00
step=65 loss=5.242301e+00
step=70 loss=4.510095e+00
step=75 loss=4.261512e+00
step=80 loss=3.461470e+00
step=85 loss=3.330292e+00
step=90 loss=2.531518e+00
step=95 loss=3.281541e+00
Training and evaluating model with k=80
step=0 loss=9.208075e+02
step=5 loss=1.702336e+02
step=10 loss=4.414803e+01
step=15 loss=4.541964e+01
step=20 loss=4.813912e+01
step=25 loss=2.095748e+01
step=30 loss=8.270292e+00
step=35 loss=1.369730e+01
step=40 loss=6.882478e+00
step=45 loss=5.232237e+00
step=50 loss=4.839036e+00
step=55 loss=3.604541e+00
step=60 loss=2.727164e+00
step=65 loss=2.360069e+00
step=70 loss=2.576540e+00
step=75 loss=3.608819e+00
step=80 loss=1.570513e+00
step=85 loss=1.685002e+00
step=90 loss=1.176075e+00
step=95 loss=1.447957e+00
Training and evaluating model with k=85
step=0 loss=2.154916e+02
step=5 loss=8.323679e+01
step=10 loss=3.541106e+01
step=15 loss=2.115962e+01
step=20 loss=1.425973e+01
step=25 loss=1.492935e+01
step=30 loss=1.806690e+01
step=35 loss=8.923729e+00
step=40 loss=7.633384e+00
step=45 loss=6.196001e+00
step=50 loss=8.168365e+00
step=55 loss=5.130179e+00
step=60 loss=2.932930e+00
step=65 loss=2.570741e+00
step=70 loss=2.457347e+00
step=75 loss=1.456037e+00
step=80 loss=2.000048e+00
step=85 loss=1.322141e+00
step=90 loss=1.658948e+00
step=95 loss=2.080374e+00
Training and evaluating model with k=90
step=0 loss=1.059606e+03
step=5 loss=3.097941e+02
step=10 loss=7.312376e+01
step=15 loss=4.446014e+01
step=20 loss=2.307869e+01
step=25 loss=2.700203e+01
step=30 loss=2.551278e+01
step=35 loss=1.681680e+01
step=40 loss=9.475104e+00
step=45 loss=9.547073e+00
step=50 loss=5.150196e+00
step=55 loss=7.056979e+00
step=60 loss=4.160559e+00
step=65 loss=3.176544e+00
step=70 loss=2.448881e+00
step=75 loss=2.503789e+00
step=80 loss=2.834975e+00
step=85 loss=1.723477e+00
step=90 loss=1.709815e+00
step=95 loss=2.201900e+00
Training and evaluating model with k=95
step=0 loss=6.384851e+02
step=5 loss=1.195572e+02
step=10 loss=8.298518e+01
step=15 loss=3.301808e+01
step=20 loss=3.571135e+01
step=25 loss=2.701169e+01
step=30 loss=1.669683e+01
step=35 loss=1.052690e+01
step=40 loss=8.024594e+00
step=45 loss=6.123240e+00
step=50 loss=8.674834e+00
step=55 loss=3.669194e+00
step=60 loss=2.663134e+00
step=65 loss=3.009081e+00
step=70 loss=2.217131e+00
step=75 loss=1.997303e+00
step=80 loss=2.853136e+00
step=85 loss=1.615685e+00
step=90 loss=1.130026e+00
step=95 loss=1.406002e+00
Training and evaluating model with k=100
step=0 loss=2.796443e+02
step=5 loss=9.048170e+01
step=10 loss=6.718481e+01
step=15 loss=2.028733e+01
step=20 loss=3.712958e+01
step=25 loss=3.460627e+01
step=30 loss=8.800584e+00
step=35 loss=1.377424e+01
step=40 loss=9.237818e+00
step=45 loss=8.485218e+00
step=50 loss=6.187899e+00
step=55 loss=4.520849e+00
step=60 loss=3.991133e+00
step=65 loss=3.230998e+00
step=70 loss=2.176238e+00
step=75 loss=1.921089e+00
step=80 loss=1.351559e+00
step=85 loss=2.094326e+00
step=90 loss=1.021444e+00
step=95 loss=1.400867e+00
Starting fold 5
Training and evaluating model with k=10
step=0 loss=1.031494e+04
step=5 loss=4.253620e+03
step=10 loss=1.295979e+03
step=15 loss=8.943442e+02
step=20 loss=6.119828e+02
step=25 loss=5.523162e+02
step=30 loss=4.953441e+02
step=35 loss=3.298737e+02
step=40 loss=3.020731e+02
step=45 loss=2.036749e+02
step=50 loss=2.208409e+02
step=55 loss=1.669112e+02
step=60 loss=1.922355e+02
step=65 loss=1.085919e+02
step=70 loss=6.422993e+01
step=75 loss=7.280299e+01
step=80 loss=2.655022e+01
step=85 loss=6.681135e+01
step=90 loss=6.952621e+01
step=95 loss=3.260735e+01
Training and evaluating model with k=15
step=0 loss=6.080151e+03
step=5 loss=2.932839e+03
step=10 loss=1.784212e+03
step=15 loss=9.377063e+02
step=20 loss=1.880840e+02
step=25 loss=2.398502e+02
step=30 loss=1.933821e+02
step=35 loss=4.058066e+02
step=40 loss=3.069642e+02
step=45 loss=2.451457e+02
step=50 loss=1.552228e+02
step=55 loss=1.312019e+02
step=60 loss=1.447961e+02
step=65 loss=8.405442e+01
step=70 loss=9.874603e+01
step=75 loss=1.098323e+02
step=80 loss=4.416647e+01
step=85 loss=1.152374e+02
step=90 loss=1.024408e+02
step=95 loss=2.573875e+01
Training and evaluating model with k=20
step=0 loss=1.156508e+03
step=5 loss=4.547395e+02
step=10 loss=3.921023e+02
step=15 loss=2.019481e+02
step=20 loss=2.537283e+02
step=25 loss=1.901540e+02
step=30 loss=2.073320e+02
step=35 loss=1.220445e+02
step=40 loss=9.309856e+01
step=45 loss=1.002826e+02
step=50 loss=8.466296e+01
step=55 loss=1.368453e+02
step=60 loss=1.132390e+02
step=65 loss=4.164695e+01
step=70 loss=4.990463e+01
step=75 loss=4.373074e+01
step=80 loss=8.863037e+00
step=85 loss=4.258743e+01
step=90 loss=5.361347e+01
step=95 loss=1.747205e+01
Training and evaluating model with k=25
step=0 loss=1.605165e+03
step=5 loss=2.186912e+02
step=10 loss=1.575526e+02
step=15 loss=1.388620e+02
step=20 loss=1.502012e+02
step=25 loss=1.257074e+02
step=30 loss=5.572879e+01
step=35 loss=7.867562e+01
step=40 loss=8.296111e+01
step=45 loss=5.095708e+01
step=50 loss=4.735036e+01
step=55 loss=2.095954e+01
step=60 loss=3.140178e+01
step=65 loss=2.331931e+01
step=70 loss=2.212561e+01
step=75 loss=1.929621e+01
step=80 loss=4.162689e+00
step=85 loss=1.309668e+01
step=90 loss=7.354680e+00
step=95 loss=4.363630e+00
Training and evaluating model with k=30
step=0 loss=9.717734e+02
step=5 loss=2.349342e+02
step=10 loss=3.134569e+02
step=15 loss=9.978153e+01
step=20 loss=9.807716e+01
step=25 loss=2.166498e+02
step=30 loss=9.105513e+01
step=35 loss=6.930912e+01
step=40 loss=7.743984e+01
step=45 loss=4.481706e+01
step=50 loss=4.654600e+01
step=55 loss=5.866984e+01
step=60 loss=2.946790e+01
step=65 loss=2.052434e+01
step=70 loss=3.246318e+01
step=75 loss=2.106280e+01
step=80 loss=3.170693e+00
step=85 loss=1.362443e+01
step=90 loss=1.235003e+01
step=95 loss=3.553015e+00
Training and evaluating model with k=35
step=0 loss=2.028572e+03
step=5 loss=5.281436e+02
step=10 loss=2.423534e+02
step=15 loss=9.441280e+01
step=20 loss=9.180326e+01
step=25 loss=6.539242e+01
step=30 loss=8.943658e+01
step=35 loss=3.836152e+01
step=40 loss=4.440228e+01
step=45 loss=2.743210e+01
step=50 loss=2.881501e+01
step=55 loss=1.696815e+01
step=60 loss=2.587461e+01
step=65 loss=1.271131e+01
step=70 loss=1.734374e+01
step=75 loss=1.198118e+01
step=80 loss=2.820040e+00
step=85 loss=6.149909e+00
step=90 loss=7.683759e+00
step=95 loss=2.235305e+00
Training and evaluating model with k=40
step=0 loss=2.096768e+02
step=5 loss=1.429902e+02
step=10 loss=7.476031e+01
step=15 loss=7.215919e+01
step=20 loss=5.060921e+01
step=25 loss=2.923294e+01
step=30 loss=2.714974e+01
step=35 loss=2.497145e+01
step=40 loss=2.239456e+01
step=45 loss=1.979808e+01
step=50 loss=2.215718e+01
step=55 loss=1.485873e+01
step=60 loss=9.216063e+00
step=65 loss=6.567596e+00
step=70 loss=6.179809e+00
step=75 loss=4.762670e+00
step=80 loss=1.022607e+00
step=85 loss=7.301112e+00
step=90 loss=5.439692e+00
step=95 loss=1.011002e+00
Training and evaluating model with k=45
step=0 loss=1.465082e+03
step=5 loss=3.311705e+02
step=10 loss=1.482402e+02
step=15 loss=1.005809e+02
step=20 loss=1.065400e+02
step=25 loss=6.401868e+01
step=30 loss=4.436565e+01
step=35 loss=3.477901e+01
step=40 loss=2.445507e+01
step=45 loss=2.364944e+01
step=50 loss=1.553223e+01
step=55 loss=1.859373e+01
step=60 loss=9.475638e+00
step=65 loss=1.148926e+01
step=70 loss=1.229623e+01
step=75 loss=9.210015e+00
step=80 loss=1.428596e+00
step=85 loss=5.775093e+00
step=90 loss=4.223071e+00
step=95 loss=2.844340e+00
Training and evaluating model with k=50
step=0 loss=1.200159e+03
step=5 loss=2.575956e+02
step=10 loss=1.038353e+02
step=15 loss=9.253378e+01
step=20 loss=5.099154e+01
step=25 loss=2.618414e+01
step=30 loss=3.048865e+01
step=35 loss=3.829419e+01
step=40 loss=1.257465e+01
step=45 loss=9.753476e+00
step=50 loss=1.206044e+01
step=55 loss=9.267950e+00
step=60 loss=6.868818e+00
step=65 loss=8.154254e+00
step=70 loss=5.603244e+00
step=75 loss=4.754414e+00
step=80 loss=9.241592e-01
step=85 loss=5.023409e+00
step=90 loss=3.634331e+00
step=95 loss=1.212693e+00
Training and evaluating model with k=55
step=0 loss=2.042967e+02
step=5 loss=1.118640e+02
step=10 loss=8.367441e+01
step=15 loss=5.121935e+01
step=20 loss=3.244431e+01
step=25 loss=2.566903e+01
step=30 loss=2.077175e+01
step=35 loss=1.610531e+01
step=40 loss=1.217067e+01
step=45 loss=1.075140e+01
step=50 loss=1.660383e+01
step=55 loss=8.310398e+00
step=60 loss=4.494266e+00
step=65 loss=3.188172e+00
step=70 loss=8.064730e+00
step=75 loss=5.363093e+00
step=80 loss=5.757545e-01
step=85 loss=2.661883e+00
step=90 loss=3.029993e+00
step=95 loss=5.758491e-01
Training and evaluating model with k=60
step=0 loss=9.399724e+02
step=5 loss=3.944228e+02
step=10 loss=1.185377e+02
step=15 loss=9.885267e+01
step=20 loss=1.027268e+02
step=25 loss=4.683064e+01
step=30 loss=4.696140e+01
step=35 loss=2.284534e+01
step=40 loss=1.399758e+01
step=45 loss=1.587198e+01
step=50 loss=1.356228e+01
step=55 loss=1.970603e+01
step=60 loss=8.326613e+00
step=65 loss=5.266656e+00
step=70 loss=7.293344e+00
step=75 loss=5.005561e+00
step=80 loss=1.152040e+00
step=85 loss=3.238790e+00
step=90 loss=3.106914e+00
step=95 loss=1.083353e+00
Training and evaluating model with k=65
step=0 loss=1.494797e+02
step=5 loss=5.575906e+01
step=10 loss=3.380709e+01
step=15 loss=1.502250e+01
step=20 loss=1.338747e+01
step=25 loss=2.433126e+01
step=30 loss=1.290613e+01
step=35 loss=8.014767e+00
step=40 loss=1.059057e+01
step=45 loss=1.252379e+01
step=50 loss=4.780295e+00
step=55 loss=5.698871e+00
step=60 loss=5.898083e+00
step=65 loss=2.372064e+00
step=70 loss=2.497254e+00
step=75 loss=5.259159e+00
step=80 loss=8.783867e-01
step=85 loss=2.470615e+00
step=90 loss=4.115613e+00
step=95 loss=7.151165e-01
Training and evaluating model with k=70
step=0 loss=1.227521e+03
step=5 loss=5.187850e+02
step=10 loss=2.058167e+02
step=15 loss=4.806068e+01
step=20 loss=3.496803e+01
step=25 loss=3.112567e+01
step=30 loss=2.815929e+01
step=35 loss=1.361504e+01
step=40 loss=9.432588e+00
step=45 loss=1.298801e+01
step=50 loss=7.055349e+00
step=55 loss=4.660732e+00
step=60 loss=3.859855e+00
step=65 loss=3.853548e+00
step=70 loss=3.882442e+00
step=75 loss=4.085912e+00
step=80 loss=8.925976e-01
step=85 loss=2.899689e+00
step=90 loss=3.548182e+00
step=95 loss=9.242663e-01
Training and evaluating model with k=75
step=0 loss=1.985484e+02
step=5 loss=8.842241e+01
step=10 loss=5.470057e+01
step=15 loss=2.286069e+01
step=20 loss=1.359619e+01
step=25 loss=1.050166e+01
step=30 loss=8.748328e+00
step=35 loss=1.290804e+01
step=40 loss=6.560614e+00
step=45 loss=4.305236e+00
step=50 loss=5.701802e+00
step=55 loss=5.551247e+00
step=60 loss=2.443960e+00
step=65 loss=3.492216e+00
step=70 loss=2.967685e+00
step=75 loss=1.389521e+00
step=80 loss=3.082788e-01
step=85 loss=1.447878e+00
step=90 loss=2.535533e+00
step=95 loss=3.449084e-01
Training and evaluating model with k=80
step=0 loss=2.450801e+02
step=5 loss=9.010407e+01
step=10 loss=5.753038e+01
step=15 loss=2.348320e+01
step=20 loss=1.494515e+01
step=25 loss=1.771757e+01
step=30 loss=2.009297e+01
step=35 loss=6.058970e+00
step=40 loss=8.222449e+00
step=45 loss=5.792905e+00
step=50 loss=2.895074e+00
step=55 loss=5.674430e+00
step=60 loss=2.551264e+00
step=65 loss=2.121367e+00
step=70 loss=1.789213e+00
step=75 loss=1.745604e+00
step=80 loss=2.544987e-01
step=85 loss=2.278077e+00
step=90 loss=1.737010e+00
step=95 loss=3.782592e-01
Training and evaluating model with k=85
step=0 loss=3.193604e+02
step=5 loss=9.381649e+01
step=10 loss=9.531420e+01
step=15 loss=3.086741e+01
step=20 loss=2.915668e+01
step=25 loss=3.771238e+01
step=30 loss=2.643120e+01
step=35 loss=1.483181e+01
step=40 loss=7.669837e+00
step=45 loss=5.691443e+00
step=50 loss=5.729140e+00
step=55 loss=6.310320e+00
step=60 loss=3.516990e+00
step=65 loss=4.486845e+00
step=70 loss=2.684323e+00
step=75 loss=2.738131e+00
step=80 loss=7.559710e-01
step=85 loss=1.615937e+00
step=90 loss=1.254383e+00
step=95 loss=5.115862e-01
Training and evaluating model with k=90
step=0 loss=2.306618e+02
step=5 loss=1.162025e+02
step=10 loss=4.949084e+01
step=15 loss=2.409227e+01
step=20 loss=2.312987e+01
step=25 loss=1.477575e+01
step=30 loss=8.357579e+00
step=35 loss=1.173428e+01
step=40 loss=5.447004e+00
step=45 loss=3.649044e+00
step=50 loss=3.641973e+00
step=55 loss=3.246295e+00
step=60 loss=2.039494e+00
step=65 loss=1.584069e+00
step=70 loss=1.745427e+00
step=75 loss=2.309372e+00
step=80 loss=3.814386e-01
step=85 loss=8.946872e-01
step=90 loss=9.936187e-01
step=95 loss=3.601651e-01
Training and evaluating model with k=95
step=0 loss=4.307638e+02
step=5 loss=6.259608e+01
step=10 loss=3.327815e+01
step=15 loss=2.018828e+01
step=20 loss=2.459189e+01
step=25 loss=1.536710e+01
step=30 loss=7.734424e+00
step=35 loss=8.697190e+00
step=40 loss=8.147864e+00
step=45 loss=6.806077e+00
step=50 loss=4.388845e+00
step=55 loss=3.681173e+00
step=60 loss=2.353261e+00
step=65 loss=2.444547e+00
step=70 loss=2.449780e+00
step=75 loss=1.744460e+00
step=80 loss=3.306841e-01
step=85 loss=8.651697e-01
step=90 loss=1.299551e+00
step=95 loss=3.866421e-01
Training and evaluating model with k=100
step=0 loss=7.452798e+02
step=5 loss=1.378290e+02
step=10 loss=4.914624e+01
step=15 loss=4.738924e+01
step=20 loss=3.594986e+01
step=25 loss=1.378292e+01
step=30 loss=1.077518e+01
step=35 loss=1.098730e+01
step=40 loss=9.512416e+00
step=45 loss=6.428319e+00
step=50 loss=4.591829e+00
step=55 loss=5.548511e+00
step=60 loss=2.505024e+00
step=65 loss=2.859931e+00
step=70 loss=2.770669e+00
step=75 loss=2.638986e+00
step=80 loss=3.504625e-01
step=85 loss=1.124564e+00
step=90 loss=1.690401e+00
step=95 loss=5.280946e-01
mses

------------------------------------------------------------
Sender: LSF System <lsfadmin@hpc.dtu.dk>
Subject: Job 28615080: <hokus_pokus_decide_k_v100> in cluster <dcc> Done

Job <hokus_pokus_decide_k_v100> was submitted from host <n-62-20-9> by user <s245822> in cluster <dcc> at Mon Jun  8 21:47:36 2026
Job was executed on host(s) <4*n-62-11-15>, in queue <gpuv100>, as user <s245822> in cluster <dcc> at Mon Jun  8 22:08:16 2026
</zhome/4c/b/216159> was used as the home directory.
</work3/s245822/Fagprojekt-2026> was used as the working directory.
Started at Mon Jun  8 22:08:16 2026
Terminated at Tue Jun  9 03:06:29 2026
Results reported at Tue Jun  9 03:06:29 2026

Your job looked like:

------------------------------------------------------------
# LSBATCH: User input
#!/bin/bash
#BSUB -J hokus_pokus_decide_k_v100
#BSUB -q gpuv100
#BSUB -n 4
#BSUB -R "rusage[mem=1GB] span[hosts=1]"
#BSUB -gpu "num=1:mode=exclusive_process"
#BSUB -W 08:00
#BSUB -o logs/hokus_pokus_%J.out
#BSUB -e logs/hokus_pokus_%J.err

source /work3/s245822/Fagprojekt-2026/.venv/bin/activate
cd /work3/s245822/Fagprojekt-2026

python src/fagprojekt/Hokus_pokus.py
------------------------------------------------------------

Successfully completed.

Resource usage summary:

    CPU time :                                   20946.00 sec.
    Max Memory :                                 1565 MB
    Average Memory :                             1526.13 MB
    Total Requested Memory :                     4096.00 MB
    Delta Memory :                               2531.00 MB
    Max Swap :                                   -
    Max Processes :                              4
    Max Threads :                                15
    Run time :                                   17893 sec.
    Turnaround time :                            19133 sec.

The output (if any) is above this job summary.



PS:

Read file <logs/hokus_pokus_28615080.err> for stderr output of this job.

